"C:/Users/Harry/Documents/Unreal Projects/MyDemoLevelProject/MyDemoLevelProject.uproject" 1
"../../../Engine/Plugins/2D/Paper2D/Paper2D.uplugin" 2
"../../../Engine/Plugins/Developer/BlankPlugin/BlankPlugin.uplugin" 3
"../../../Engine/Plugins/Developer/GitSourceControl/GitSourceControl.uplugin" 4
"../../../Engine/Plugins/Developer/KDevelopSourceCodeAccess/KDevelopSourceCodeAccess.uplugin" 5
"../../../Engine/Plugins/Developer/PerforceSourceControl/PerforceSourceControl.uplugin" 6
"../../../Engine/Plugins/Developer/SubversionSourceControl/SubversionSourceControl.uplugin" 7
"../../../Engine/Plugins/Developer/UObjectPlugin/UObjectPlugin.uplugin" 8
"../../../Engine/Plugins/Developer/VisualStudioSourceCodeAccess/VisualStudioSourceCodeAccess.uplugin" 9
"../../../Engine/Plugins/Developer/XCodeSourceCodeAccess/XCodeSourceCodeAccess.uplugin" 10
"../../../Engine/Plugins/Editor/EpicSurvey/EpicSurvey.uplugin" 11
"../../../Engine/Plugins/Editor/MacGraphicsSwitching/MacGraphicsSwitching.uplugin" 12
"../../../Engine/Plugins/Editor/PluginsEditor/PluginsEditor.uplugin" 13
"../../../Engine/Plugins/Editor/SpeedTreeImporter/SpeedTreeImporter.uplugin" 14
"../../../Engine/Plugins/Experimental/BlueprintStats/BlueprintStats.uplugin" 15
"../../../Engine/Plugins/Experimental/CharacterAI/CharacterAI.uplugin" 16
"../../../Engine/Plugins/Experimental/CodeView/CodeView.uplugin" 17
"../../../Engine/Plugins/Experimental/LiveEditor/LiveEditor.uplugin" 18
"../../../Engine/Plugins/Experimental/Phya/Phya.uplugin" 19
"../../../Engine/Plugins/Experimental/SimpleHMD/SimpleHMD.uplugin" 20
"../../../Engine/Plugins/Experimental/SteamVR/SteamVR.uplugin" 21
"../../../Engine/Plugins/Media/AndroidMedia/AndroidMedia.uplugin" 22
"../../../Engine/Plugins/Media/AvfMedia/AvfMedia.uplugin" 23
"../../../Engine/Plugins/Media/MediaPlayerEditor/MediaPlayerEditor.uplugin" 24
"../../../Engine/Plugins/Media/WmfMedia/WmfMedia.uplugin" 25
"../../../Engine/Plugins/Messaging/MessagingDebugger/MessagingDebugger.uplugin" 26
"../../../Engine/Plugins/Messaging/ShmMessaging/ShmMessaging.uplugin" 27
"../../../Engine/Plugins/Messaging/UdpMessaging/UdpMessaging.uplugin" 28
"../../../Engine/Plugins/Runtime/Advertising/IOSTapJoy/IOSTapJoy.uplugin" 29
"../../../Engine/Plugins/Runtime/Analytics/AnalyticsBlueprintLibrary/AnalyticsBlueprintLibrary.uplugin" 30
"../../../Engine/Plugins/Runtime/Analytics/Apsalar/IOSApsalar/IOSApsalar.uplugin" 31
"../../../Engine/Plugins/Runtime/Analytics/FileLogging/FileLogging.uplugin" 32
"../../../Engine/Plugins/Runtime/AndroidDeviceProfileSelector/AndroidDeviceProfileSelector.uplugin" 33
"../../../Engine/Plugins/Runtime/AndroidMoviePlayer/AndroidMoviePlayer.uplugin" 34
"../../../Engine/Plugins/Runtime/AppleMoviePlayer/AppleMoviePlayer.uplugin" 35
"../../../Engine/Plugins/Runtime/CableComponent/CableComponent.uplugin" 36
"../../../Engine/Plugins/Runtime/CustomMeshComponent/CustomMeshComponent.uplugin" 37
"../../../Engine/Plugins/Runtime/ExampleDeviceProfileSelector/ExampleDeviceProfileSelector.uplugin" 38
"../../../Engine/Plugins/Runtime/GearVR/GearVR.uplugin" 39
"../../../Engine/Plugins/Runtime/IOSDeviceProfileSelector/IOSDeviceProfileSelector.uplugin" 40
"../../../Engine/Plugins/Runtime/LiveEditorListenServer/LiveEditorListenServer.uplugin" 41
"../../../Engine/Plugins/Runtime/OculusRift/OculusRift.uplugin" 42
"../../../Engine/Plugins/Runtime/SoundMod/SoundMod.uplugin" 43
"../../../Engine/Plugins/Runtime/SoundVisualizations/SoundVisualizations.uplugin" 44
"../../../Engine/Plugins/Runtime/TwitchLiveStreaming/TwitchLiveStreaming.uplugin" 45
"../../../Engine/Plugins/Runtime/WindowsDeviceProfileSelector/WindowsDeviceProfileSelector.uplugin" 46
"../../../Engine/Plugins/Runtime/WindowsMoviePlayer/WindowsMoviePlayer.uplugin" 47
"../../../Engine/Plugins/ScriptGeneratorPlugin/ScriptGeneratorPlugin.uplugin" 48
"../../../Engine/Plugins/ScriptPlugin/ScriptPlugin.uplugin" 49
"../../../Engine/Plugins/Slate/SlateRemote/SlateRemote.uplugin" 50
"..\..\..\Engine\Content\Internationalization\icudt53l\cnvalias.icu" 51
"..\..\..\Engine\Content\Internationalization\icudt53l\en_US_POSIX.res" 52
"..\..\..\Engine\Content\Internationalization\icudt53l\pool.res" 53
"..\..\..\Engine\Content\Internationalization\icudt53l\en_US.res" 54
"..\..\..\Engine\Content\Internationalization\icudt53l\en.res" 55
"..\..\..\Engine\Content\Internationalization\icudt53l\root.res" 56
"..\..\..\Engine\Content\Internationalization\icudt53l\coll\ucadata.icu" 57
"..\..\..\Engine\Content\Internationalization\icudt53l\nfc.nrm" 58
"..\..\..\Engine\Content\Internationalization\icudt53l\coll\en_US_POSIX.res" 59
"..\..\..\Engine\Content\Internationalization\icudt53l\coll\en_US.res" 60
"..\..\..\Engine\Content\Internationalization\icudt53l\coll\en.res" 61
"..\..\..\Engine\Content\Internationalization\icudt53l\coll\root.res" 62
"..\..\..\Engine\Content\Internationalization\icudt53l\numberingSystems.res" 63
"..\..\..\Engine\Content\Internationalization\icudt53l\curr\supplementalData.res" 64
"..\..\..\Engine\Content\Internationalization\icudt53l\curr\pool.res" 65
"..\..\..\Engine\Content\Internationalization\icudt53l\curr\en.res" 66
"..\..\..\Engine\Content\Internationalization\icudt53l\curr\root.res" 67
"..\..\..\Engine\Content\Internationalization\icudt53l\plurals.res" 68
"..\..\..\Engine\Content\Internationalization\icudt53l\windowsZones.res" 69
"..\..\..\Engine\Content\Internationalization\icudt53l\zoneinfo64.res" 70
"..\..\..\Engine\Content\Internationalization\icudt53l\keyTypeData.res" 71
"..\..\..\Engine\Content\Internationalization\icudt53l\timezoneTypes.res" 72
"..\..\..\Engine\Content\Internationalization\icudt53l\supplementalData.res" 73
"..\..\..\Engine\Content\Internationalization\icudt53l\likelySubtags.res" 74
"../../../Engine/Config/Base.ini" 75
"../../../Engine/Config/BaseEngine.ini" 76
"../../../../../../Users/Harry/Documents/Unreal Projects/MyDemoLevelProject/Config/DefaultEngine.ini" 77
"../../../Engine/Config/Windows/WindowsEngine.ini" 78
"C:/Users/Harry/AppData/Local/Unreal Engine/Engine/Config/UserEngine.ini" 79
"C:/Users/Harry/Documents/Unreal Projects/MyDemoLevelProject/Saved/Config/Windows/Engine.ini" 80
"../../../../../../Users/Harry/Documents/Unreal Projects/MyDemoLevelProject/Intermediate/Config/CoalescedSourceConfigs/Engine.ini" 81
"../../../Engine/Config/BaseGame.ini" 82
"../../../../../../Users/Harry/Documents/Unreal Projects/MyDemoLevelProject/Config/DefaultGame.ini" 83
"C:/Users/Harry/Documents/Unreal Projects/MyDemoLevelProject/Saved/Config/Windows/Game.ini" 84
"../../../../../../Users/Harry/Documents/Unreal Projects/MyDemoLevelProject/Intermediate/Config/CoalescedSourceConfigs/Game.ini" 85
"../../../Engine/Config/BaseInput.ini" 86
"../../../../../../Users/Harry/Documents/Unreal Projects/MyDemoLevelProject/Config/DefaultInput.ini" 87
"C:/Users/Harry/Documents/Unreal Projects/MyDemoLevelProject/Saved/Config/Windows/Input.ini" 88
"../../../../../../Users/Harry/Documents/Unreal Projects/MyDemoLevelProject/Intermediate/Config/CoalescedSourceConfigs/Input.ini" 89
"../../../Engine/Config/BaseEditor.ini" 90
"../../../../../../Users/Harry/Documents/Unreal Projects/MyDemoLevelProject/Config/DefaultEditor.ini" 91
"C:/Users/Harry/Documents/Unreal Projects/MyDemoLevelProject/Saved/Config/Windows/Editor.ini" 92
"../../../../../../Users/Harry/Documents/Unreal Projects/MyDemoLevelProject/Intermediate/Config/CoalescedSourceConfigs/Editor.ini" 93
"../../../Engine/Config/BaseEditorLayout.ini" 94
"C:/Users/Harry/Documents/Unreal Projects/MyDemoLevelProject/Saved/Config/Windows/EditorLayout.ini" 95
"../../../../../../Users/Harry/Documents/Unreal Projects/MyDemoLevelProject/Intermediate/Config/CoalescedSourceConfigs/EditorLayout.ini" 96
"../../../Engine/Config/BaseEditorUserSettings.ini" 97
"../../../../../../Users/Harry/Documents/Unreal Projects/MyDemoLevelProject/Config/DefaultEditorUserSettings.ini" 98
"C:/Users/Harry/Documents/Unreal Projects/MyDemoLevelProject/Saved/Config/Windows/EditorUserSettings.ini" 99
"../../../../../../Users/Harry/Documents/Unreal Projects/MyDemoLevelProject/Intermediate/Config/CoalescedSourceConfigs/EditorUserSettings.ini" 100
"../../../Engine/Config/BaseEditorKeyBindings.ini" 101
"C:/Users/Harry/Documents/Unreal Projects/MyDemoLevelProject/Saved/Config/Windows/EditorKeyBindings.ini" 102
"../../../../../../Users/Harry/Documents/Unreal Projects/MyDemoLevelProject/Intermediate/Config/CoalescedSourceConfigs/EditorKeyBindings.ini" 103
"../../../Engine/Config/BaseCompat.ini" 104
"C:/Users/Harry/Documents/Unreal Projects/MyDemoLevelProject/Saved/Config/Windows/Compat.ini" 105
"../../../../../../Users/Harry/Documents/Unreal Projects/MyDemoLevelProject/Intermediate/Config/CoalescedSourceConfigs/Compat.ini" 106
"../../../Engine/Config/BaseLightmass.ini" 107
"C:/Users/Harry/Documents/Unreal Projects/MyDemoLevelProject/Saved/Config/Windows/Lightmass.ini" 108
"../../../../../../Users/Harry/Documents/Unreal Projects/MyDemoLevelProject/Intermediate/Config/CoalescedSourceConfigs/Lightmass.ini" 109
"../../../Engine/Config/BaseScalability.ini" 110
"C:/Users/Harry/Documents/Unreal Projects/MyDemoLevelProject/Saved/Config/Windows/Scalability.ini" 111
"../../../../../../Users/Harry/Documents/Unreal Projects/MyDemoLevelProject/Intermediate/Config/CoalescedSourceConfigs/Scalability.ini" 112
"C:/Users/Harry/Documents/Unreal Projects/MyDemoLevelProject/Saved/Config/Windows/GameUserSettings.ini" 113
"../../../../../../Users/Harry/Documents/Unreal Projects/MyDemoLevelProject/Intermediate/Config/CoalescedSourceConfigs/GameUserSettings.ini" 114
"../../../Engine/Config/BaseDeviceProfiles.ini" 115
"C:/Users/Harry/Documents/Unreal Projects/MyDemoLevelProject/Saved/Config/Windows/DeviceProfiles.ini" 116
"../../../../../../Users/Harry/Documents/Unreal Projects/MyDemoLevelProject/Intermediate/Config/CoalescedSourceConfigs/DeviceProfiles.ini" 117
"../../../Engine/Config/ConsoleVariables.ini" 118
"..\..\..\Engine\Content\Internationalization\icudt53l\es.res" 119
"..\..\..\Engine\Content\Internationalization\icudt53l\coll\es.res" 120
"..\..\..\Engine\Content\Internationalization\icudt53l\curr\es.res" 121
"..\..\..\Engine\Content\Internationalization\icudt53l\es_ES.res" 122
"..\..\..\Engine\Content\Internationalization\icudt53l\ja.res" 123
"..\..\..\Engine\Content\Internationalization\icudt53l\coll\ja.res" 124
"..\..\..\Engine\Content\Internationalization\icudt53l\curr\ja.res" 125
"..\..\..\Engine\Content\Internationalization\icudt53l\ja_JP.res" 126
"..\..\..\Engine\Content\Internationalization\icudt53l\ko.res" 127
"..\..\..\Engine\Content\Internationalization\icudt53l\coll\ko.res" 128
"..\..\..\Engine\Content\Internationalization\icudt53l\curr\ko.res" 129
"..\..\..\Engine\Content\Internationalization\icudt53l\ko_KR.res" 130
"..\..\..\Engine\Content\Internationalization\icudt53l\pt_BR.res" 131
"..\..\..\Engine\Content\Internationalization\icudt53l\pt.res" 132
"..\..\..\Engine\Content\Internationalization\icudt53l\coll\pt.res" 133
"..\..\..\Engine\Content\Internationalization\icudt53l\curr\pt.res" 134
"..\..\..\Engine\Content\Internationalization\icudt53l\zh_CN.res" 135
"..\..\..\Engine\Content\Internationalization\icudt53l\zh_Hans_CN.res" 136
"..\..\..\Engine\Content\Internationalization\icudt53l\zh_Hans.res" 137
"..\..\..\Engine\Content\Internationalization\icudt53l\zh.res" 138
"..\..\..\Engine\Content\Internationalization\icudt53l\coll\zh_CN.res" 139
"..\..\..\Engine\Content\Internationalization\icudt53l\coll\zh_Hans_CN.res" 140
"..\..\..\Engine\Content\Internationalization\icudt53l\coll\zh_Hans.res" 141
"..\..\..\Engine\Content\Internationalization\icudt53l\coll\zh.res" 142
"..\..\..\Engine\Content\Internationalization\icudt53l\curr\zh_CN.res" 143
"..\..\..\Engine\Content\Internationalization\icudt53l\curr\zh_Hans_CN.res" 144
"..\..\..\Engine\Content\Internationalization\icudt53l\curr\zh_Hans.res" 145
"..\..\..\Engine\Content\Internationalization\icudt53l\curr\zh.res" 146
"C:/Program Files/Epic Games/4.7/Engine/Content/Localization/Editor/en/Editor.locres" 147
"C:/Program Files/Epic Games/4.7/Engine/Content/Localization/EditorTutorials/en/EditorTutorials.locres" 148
"C:/Program Files/Epic Games/4.7/Engine/Content/Localization/Engine/en/Engine.locres" 149
"../../../Engine/Content/Slate/Fonts/Roboto-Regular.ttf" 150
"../../../Engine/Content/Slate/Fonts/DroidSansMono.ttf" 151
"../../../Engine/Content/Slate/Fonts/Roboto-Bold.ttf" 152
"../../../Engine/Content/Slate/Fonts/Roboto-Light.ttf" 153
"C:/Program Files/Epic Games/4.7/Engine/Binaries/Win64/../../../Engine/Shaders/ParticleSpriteVertexFactory.usf" 154
"C:/Program Files/Epic Games/4.7/Engine/Binaries/Win64/../../../Engine/Shaders/VertexFactoryCommon.usf" 155
"C:/Program Files/Epic Games/4.7/Engine/Binaries/Win64/../../../Engine/Shaders/Common.usf" 156
"C:/Program Files/Epic Games/4.7/Engine/Binaries/Win64/../../../Engine/Shaders/MetalCommon.usf" 157
"C:/Program Files/Epic Games/4.7/Engine/Binaries/Win64/../../../Engine/Shaders/ShaderVersion.usf" 158
"C:/Program Files/Epic Games/4.7/Engine/Binaries/Win64/../../../Engine/Shaders/Definitions.usf" 159
"C:/Program Files/Epic Games/4.7/Engine/Binaries/Win64/../../../Engine/Shaders/Random.usf" 160
"C:/Program Files/Epic Games/4.7/Engine/Binaries/Win64/../../../Engine/Shaders/ParticleVertexFactoryCommon.usf" 161
"C:/Program Files/Epic Games/4.7/Engine/Binaries/Win64/../../../Engine/Shaders/ParticleGPUSpriteVertexFactory.usf" 162
"C:/Program Files/Epic Games/4.7/Engine/Binaries/Win64/../../../Engine/Shaders/ParticleBeamTrailVertexFactory.usf" 163
"C:/Program Files/Epic Games/4.7/Engine/Binaries/Win64/../../../Engine/Shaders/VectorFieldVisualizationVertexFactory.usf" 164
"C:/Program Files/Epic Games/4.7/Engine/Binaries/Win64/../../../Engine/Shaders/LocalVertexFactory.usf" 165
"C:/Program Files/Epic Games/4.7/Engine/Binaries/Win64/../../../Engine/Shaders/LocalVertexFactoryCommon.usf" 166
"C:/Program Files/Epic Games/4.7/Engine/Binaries/Win64/../../../Engine/Shaders/MeshParticleVertexFactory.usf" 167
"C:/Program Files/Epic Games/4.7/Engine/Binaries/Win64/../../../Engine/Shaders/GpuSkinVertexFactory.usf" 168
"C:/Program Files/Epic Games/4.7/Engine/Binaries/Win64/../../../Engine/Shaders/GpuSkinCacheCommon.usf" 169
"C:/Program Files/Epic Games/4.7/Engine/Binaries/Win64/../../../Engine/Shaders/LandscapeVertexFactory.usf" 170
"C:/Program Files/Epic Games/4.7/Engine/Binaries/Win64/../../../Engine/Shaders/SlateElementPixelShader.usf" 171
"C:/Program Files/Epic Games/4.7/Engine/Binaries/Win64/../../../Engine/Shaders/MaterialTemplate.usf" 172
"C:/Program Files/Epic Games/4.7/Engine/Binaries/Win64/../../../Engine/Shaders/DepthOfFieldCommon.usf" 173
"C:/Program Files/Epic Games/4.7/Engine/Binaries/Win64/../../../Engine/Shaders/SpeedTreeCommon.usf" 174
"C:/Program Files/Epic Games/4.7/Engine/Binaries/Win64/../../../Engine/Shaders/AtmosphereCommon.usf" 175
"C:/Program Files/Epic Games/4.7/Engine/Binaries/Win64/../../../Engine/Shaders/PostProcessCommon.usf" 176
"C:/Program Files/Epic Games/4.7/Engine/Binaries/Win64/../../../Engine/Shaders/DeferredShadingCommon.usf" 177
"C:/Program Files/Epic Games/4.7/Engine/Binaries/Win64/../../../Engine/Shaders/LightAccumulator.usf" 178
"C:/Program Files/Epic Games/4.7/Engine/Binaries/Win64/../../../Engine/Shaders/SlateVertexShader.usf" 179
"C:/Program Files/Epic Games/4.7/Engine/Binaries/Win64/../../../Engine/Shaders/OneColorShader.usf" 180
"C:/Program Files/Epic Games/4.7/Engine/Binaries/Win64/../../../Engine/Shaders/ResolveVertexShader.usf" 181
"C:/Program Files/Epic Games/4.7/Engine/Binaries/Win64/../../../Engine/Shaders/ResolvePixelShader.usf" 182
"C:/Program Files/Epic Games/4.7/Engine/Binaries/Win64/../../../Engine/Shaders/VisualizeTexture.usf" 183
"C:/Program Files/Epic Games/4.7/Engine/Binaries/Win64/../../../Engine/Shaders/ScreenSpaceReflections.usf" 184
"C:/Program Files/Epic Games/4.7/Engine/Binaries/Win64/../../../Engine/Shaders/BRDF.usf" 185
"C:/Program Files/Epic Games/4.7/Engine/Binaries/Win64/../../../Engine/Shaders/MonteCarlo.usf" 186
"C:/Program Files/Epic Games/4.7/Engine/Binaries/Win64/../../../Engine/Shaders/FilterVertexShader.usf" 187
"C:/Program Files/Epic Games/4.7/Engine/Binaries/Win64/../../../Engine/Shaders/FilterPixelShader.usf" 188
"C:/Program Files/Epic Games/4.7/Engine/Binaries/Win64/../../../Engine/Shaders/PostProcessVisualizeHDR.usf" 189
"C:/Program Files/Epic Games/4.7/Engine/Binaries/Win64/../../../Engine/Shaders/PostProcessHistogramCommon.usf" 190
"C:/Program Files/Epic Games/4.7/Engine/Binaries/Win64/../../../Engine/Shaders/TonemapCommon.usf" 191
"C:/Program Files/Epic Games/4.7/Engine/Binaries/Win64/../../../Engine/Shaders/MiniFontCommon.usf" 192
"C:/Program Files/Epic Games/4.7/Engine/Binaries/Win64/../../../Engine/Shaders/PostProcessVisualizeBuffer.usf" 193
"C:/Program Files/Epic Games/4.7/Engine/Binaries/Win64/../../../Engine/Shaders/PostProcessUpscale.usf" 194
"C:/Program Files/Epic Games/4.7/Engine/Binaries/Win64/../../../Engine/Shaders/PostProcessTonemap.usf" 195
"C:/Program Files/Epic Games/4.7/Engine/Binaries/Win64/../../../Engine/Shaders/PostProcessTestImage.usf" 196
"C:/Program Files/Epic Games/4.7/Engine/Binaries/Win64/../../../Engine/Shaders/PostProcessTemporalAA.usf" 197
"C:/Program Files/Epic Games/4.7/Engine/Binaries/Win64/../../../Engine/Shaders/PostProcessTemporalCommon.usf" 198
"C:/Program Files/Epic Games/4.7/Engine/Binaries/Win64/../../../Engine/Shaders/PostProcessSubsurface.usf" 199
"C:/Program Files/Epic Games/4.7/Engine/Binaries/Win64/../../../Engine/Shaders/SeparableSSS.usf" 200
"C:/Program Files/Epic Games/4.7/Engine/Binaries/Win64/../../../Engine/Shaders/PostProcessSelectionOutline.usf" 201
"C:/Program Files/Epic Games/4.7/Engine/Binaries/Win64/../../../Engine/Shaders/PostProcessSceneColorFringe.usf" 202
"C:/Program Files/Epic Games/4.7/Engine/Binaries/Win64/../../../Engine/Shaders/PostProcessNoiseBlur.usf" 203
"C:/Program Files/Epic Games/4.7/Engine/Binaries/Win64/../../../Engine/Shaders/PostProcessMotionBlur.usf" 204
"C:/Program Files/Epic Games/4.7/Engine/Binaries/Win64/../../../Engine/Shaders/MorpheusInclude.usf" 205
"C:/Program Files/Epic Games/4.7/Engine/Binaries/Win64/../../../Engine/Shaders/PostProcessMobile.usf" 206
"C:/Program Files/Epic Games/4.7/Engine/Binaries/Win64/../../../Engine/Shaders/PostProcessMaterialShaders.usf" 207
"C:/Program Files/Epic Games/4.7/Engine/Binaries/Win64/../../../Engine/Shaders/PostProcessLensFlares.usf" 208
"C:/Program Files/Epic Games/4.7/Engine/Binaries/Win64/../../../Engine/Shaders/PostProcessLensBlur.usf" 209
"C:/Program Files/Epic Games/4.7/Engine/Binaries/Win64/../../../Engine/Shaders/PostProcessBloom.usf" 210
"C:/Program Files/Epic Games/4.7/Engine/Binaries/Win64/../../../Engine/Shaders/PostProcessHMD.usf" 211
"C:/Program Files/Epic Games/4.7/Engine/Binaries/Win64/../../../Engine/Shaders/PostProcessHistogramReduce.usf" 212
"C:/Program Files/Epic Games/4.7/Engine/Binaries/Win64/../../../Engine/Shaders/PostProcessHistogram.usf" 213
"C:/Program Files/Epic Games/4.7/Engine/Binaries/Win64/../../../Engine/Shaders/PostProcessGBufferHints.usf" 214
"C:/Program Files/Epic Games/4.7/Engine/Binaries/Win64/../../../Engine/Shaders/PostProcessEyeAdaptation.usf" 215
"C:/Program Files/Epic Games/4.7/Engine/Binaries/Win64/../../../Engine/Shaders/PostProcessDownsample.usf" 216
"C:/Program Files/Epic Games/4.7/Engine/Binaries/Win64/../../../Engine/Shaders/PostProcessDOF.usf" 217
"C:/Program Files/Epic Games/4.7/Engine/Binaries/Win64/../../../Engine/Shaders/PostProcessCompositeEditorPrimitives.usf" 218
"C:/Program Files/Epic Games/4.7/Engine/Binaries/Win64/../../../Engine/Shaders/PostProcessCombineLUTs.usf" 219
"C:/Program Files/Epic Games/4.7/Engine/Binaries/Win64/../../../Engine/Shaders/PostProcessBusyWait.usf" 220
"C:/Program Files/Epic Games/4.7/Engine/Binaries/Win64/../../../Engine/Shaders/PostProcessBokehDOF.usf" 221
"C:/Program Files/Epic Games/4.7/Engine/Binaries/Win64/../../../Engine/Shaders/FXAAShader.usf" 222
"C:/Program Files/Epic Games/4.7/Engine/Binaries/Win64/../../../Engine/Shaders/Fxaa3_11.usf" 223
"C:/Program Files/Epic Games/4.7/Engine/Binaries/Win64/../../../Engine/Shaders/PostProcessPassThrough.usf" 224
"C:/Program Files/Epic Games/4.7/Engine/Binaries/Win64/../../../Engine/Shaders/PostProcessLpvIndirect.usf" 225
"C:/Program Files/Epic Games/4.7/Engine/Binaries/Win64/../../../Engine/Shaders/DeferredLightingCommon.usf" 226
"C:/Program Files/Epic Games/4.7/Engine/Binaries/Win64/../../../Engine/Shaders/DynamicLightingCommon.usf" 227
"C:/Program Files/Epic Games/4.7/Engine/Binaries/Win64/../../../Engine/Shaders/IESLightProfilesCommon.usf" 228
"C:/Program Files/Epic Games/4.7/Engine/Binaries/Win64/../../../Engine/Shaders/LPVFinalPass.usf" 229
"C:/Program Files/Epic Games/4.7/Engine/Binaries/Win64/../../../Engine/Shaders/LPVCommon.usf" 230
"C:/Program Files/Epic Games/4.7/Engine/Binaries/Win64/../../../Engine/Shaders/DeferredDecal.usf" 231
"C:/Program Files/Epic Games/4.7/Engine/Binaries/Win64/../../../Engine/Shaders/PostProcessAmbientOcclusion.usf" 232
"C:/Program Files/Epic Games/4.7/Engine/Binaries/Win64/../../../Engine/Shaders/PostProcessAmbient.usf" 233
"C:/Program Files/Epic Games/4.7/Engine/Binaries/Win64/../../../Engine/Shaders/CubemapCommon.usf" 234
"C:/Program Files/Epic Games/4.7/Engine/Binaries/Win64/../../../Engine/Shaders/VelocityShader.usf" 235
"C:/Program Files/Epic Games/4.7/Engine/Binaries/Win64/../../../Engine/Shaders/Tessellation.usf" 236
"C:/Program Files/Epic Games/4.7/Engine/Binaries/Win64/../../../Engine/Shaders/FlatTessellation.usf" 237
"C:/Program Files/Epic Games/4.7/Engine/Binaries/Win64/../../../Engine/Shaders/PNTriangles.usf" 238
"C:/Program Files/Epic Games/4.7/Engine/Binaries/Win64/../../../Engine/Shaders/TranslucentLightingShaders.usf" 239
"C:/Program Files/Epic Games/4.7/Engine/Binaries/Win64/../../../Engine/Shaders/SHCommon.usf" 240
"C:/Program Files/Epic Games/4.7/Engine/Binaries/Win64/../../../Engine/Shaders/ShadowProjectionCommon.usf" 241
"C:/Program Files/Epic Games/4.7/Engine/Binaries/Win64/../../../Engine/Shaders/TranslucentLightInjectionShaders.usf" 242
"C:/Program Files/Epic Games/4.7/Engine/Binaries/Win64/../../../Engine/Shaders/LightFunctionCommon.usf" 243
"C:/Program Files/Epic Games/4.7/Engine/Binaries/Win64/../../../Engine/Shaders/TranslucentShadowDepthShaders.usf" 244
"C:/Program Files/Epic Games/4.7/Engine/Binaries/Win64/../../../Engine/Shaders/ShadowDepthCommon.usf" 245
"C:/Program Files/Epic Games/4.7/Engine/Binaries/Win64/../../../Engine/Shaders/TiledDeferredLightShaders.usf" 246
"C:/Program Files/Epic Games/4.7/Engine/Binaries/Win64/../../../Engine/Shaders/ShadowProjectionPixelShader.usf" 247
"C:/Program Files/Epic Games/4.7/Engine/Binaries/Win64/../../../Engine/Shaders/ShadowFilteringCommon.usf" 248
"C:/Program Files/Epic Games/4.7/Engine/Binaries/Win64/../../../Engine/Shaders/ShadowProjectionVertexShader.usf" 249
"C:/Program Files/Epic Games/4.7/Engine/Binaries/Win64/../../../Engine/Shaders/ShadowDepthPixelShader.usf" 250
"C:/Program Files/Epic Games/4.7/Engine/Binaries/Win64/../../../Engine/Shaders/LPVWriteVplCommon.usf" 251
"C:/Program Files/Epic Games/4.7/Engine/Binaries/Win64/../../../Engine/Shaders/LPVWriteCommon.usf" 252
"C:/Program Files/Epic Games/4.7/Engine/Binaries/Win64/../../../Engine/Shaders/ShadowDepthVertexShader.usf" 253
"C:/Program Files/Epic Games/4.7/Engine/Binaries/Win64/../../../Engine/Shaders/ShaderComplexityApplyPixelShader.usf" 254
"C:/Program Files/Epic Games/4.7/Engine/Binaries/Win64/../../../Engine/Shaders/ShaderComplexityApplyVertexShader.usf" 255
"C:/Program Files/Epic Games/4.7/Engine/Binaries/Win64/../../../Engine/Shaders/ShaderComplexityAccumulatePixelShader.usf" 256
"C:/Program Files/Epic Games/4.7/Engine/Binaries/Win64/../../../Engine/Shaders/HZBOcclusion.usf" 257
"C:/Program Files/Epic Games/4.7/Engine/Binaries/Win64/../../../Engine/Shaders/OcclusionQueryVertexShader.usf" 258
"C:/Program Files/Epic Games/4.7/Engine/Binaries/Win64/../../../Engine/Shaders/HitProxyPixelShader.usf" 259
"C:/Program Files/Epic Games/4.7/Engine/Binaries/Win64/../../../Engine/Shaders/HitProxyVertexShader.usf" 260
"C:/Program Files/Epic Games/4.7/Engine/Binaries/Win64/../../../Engine/Shaders/ReflectionEnvironmentShaders.usf" 261
"C:/Program Files/Epic Games/4.7/Engine/Binaries/Win64/../../../Engine/Shaders/ReflectionEnvironmentShared.usf" 262
"C:/Program Files/Epic Games/4.7/Engine/Binaries/Win64/../../../Engine/Shaders/SkyLightingShared.usf" 263
"C:/Program Files/Epic Games/4.7/Engine/Binaries/Win64/../../../Engine/Shaders/ReflectionEnvironmentComputeShaders.usf" 264
"C:/Program Files/Epic Games/4.7/Engine/Binaries/Win64/../../../Engine/Shaders/LightShaftShader.usf" 265
"C:/Program Files/Epic Games/4.7/Engine/Binaries/Win64/../../../Engine/Shaders/StationaryLightOverlapShaders.usf" 266
"C:/Program Files/Epic Games/4.7/Engine/Binaries/Win64/../../../Engine/Shaders/DeferredLightPixelShaders.usf" 267
"C:/Program Files/Epic Games/4.7/Engine/Binaries/Win64/../../../Engine/Shaders/DeferredLightVertexShaders.usf" 268
"C:/Program Files/Epic Games/4.7/Engine/Binaries/Win64/../../../Engine/Shaders/LPVVisualise.usf" 269
"C:/Program Files/Epic Games/4.7/Engine/Binaries/Win64/../../../Engine/Shaders/LPVGeometryVolumeCommon.usf" 270
"C:/Program Files/Epic Games/4.7/Engine/Binaries/Win64/../../../Engine/Shaders/LPVDirectLightInject.usf" 271
"C:/Program Files/Epic Games/4.7/Engine/Binaries/Win64/../../../Engine/Shaders/LPVPropagate.usf" 272
"C:/Program Files/Epic Games/4.7/Engine/Binaries/Win64/../../../Engine/Shaders/LPVBuildGeometryVolume.usf" 273
"C:/Program Files/Epic Games/4.7/Engine/Binaries/Win64/../../../Engine/Shaders/LPVInject_AccumulateVplLists.usf" 274
"C:/Program Files/Epic Games/4.7/Engine/Binaries/Win64/../../../Engine/Shaders/LPVInject_GenerateVplLists.usf" 275
"C:/Program Files/Epic Games/4.7/Engine/Binaries/Win64/../../../Engine/Shaders/LPVClearLists.usf" 276
"C:/Program Files/Epic Games/4.7/Engine/Binaries/Win64/../../../Engine/Shaders/LPVClear.usf" 277
"C:/Program Files/Epic Games/4.7/Engine/Binaries/Win64/../../../Engine/Shaders/LightMapDensityShader.usf" 278
"C:/Program Files/Epic Games/4.7/Engine/Binaries/Win64/../../../Engine/Shaders/LightFunctionPixelShader.usf" 279
"C:/Program Files/Epic Games/4.7/Engine/Binaries/Win64/../../../Engine/Shaders/LightFunctionVertexShader.usf" 280
"C:/Program Files/Epic Games/4.7/Engine/Binaries/Win64/../../../Engine/Shaders/HdrCustomResolveShaders.usf" 281
"C:/Program Files/Epic Games/4.7/Engine/Binaries/Win64/../../../Engine/Shaders/GPUBenchmark.usf" 282
"C:/Program Files/Epic Games/4.7/Engine/Binaries/Win64/../../../Engine/Shaders/GammaCorrection.usf" 283
"C:/Program Files/Epic Games/4.7/Engine/Binaries/Win64/../../../Engine/Shaders/BasePassForForwardShadingPixelShader.usf" 284
"C:/Program Files/Epic Games/4.7/Engine/Binaries/Win64/../../../Engine/Shaders/BasePassForForwardShadingCommon.usf" 285
"C:/Program Files/Epic Games/4.7/Engine/Binaries/Win64/../../../Engine/Shaders/LightmapCommon.usf" 286
"C:/Program Files/Epic Games/4.7/Engine/Binaries/Win64/../../../Engine/Shaders/BasePassForForwardShadingVertexShader.usf" 287
"C:/Program Files/Epic Games/4.7/Engine/Binaries/Win64/../../../Engine/Shaders/HeightFogCommon.usf" 288
"C:/Program Files/Epic Games/4.7/Engine/Binaries/Win64/../../../Engine/Shaders/HeightFogPixelShader.usf" 289
"C:/Program Files/Epic Games/4.7/Engine/Binaries/Win64/../../../Engine/Shaders/HeightFogVertexShader.usf" 290
"C:/Program Files/Epic Games/4.7/Engine/Binaries/Win64/../../../Engine/Shaders/DistortAccumulatePS.usf" 291
"C:/Program Files/Epic Games/4.7/Engine/Binaries/Win64/../../../Engine/Shaders/DistortAccumulateVS.usf" 292
"C:/Program Files/Epic Games/4.7/Engine/Binaries/Win64/../../../Engine/Shaders/DistortApplyScreenPS.usf" 293
"C:/Program Files/Epic Games/4.7/Engine/Binaries/Win64/../../../Engine/Shaders/DistanceFieldSurfaceCacheLighting.usf" 294
"C:/Program Files/Epic Games/4.7/Engine/Binaries/Win64/../../../Engine/Shaders/DistanceFieldLightingShared.usf" 295
"C:/Program Files/Epic Games/4.7/Engine/Binaries/Win64/../../../Engine/Shaders/DistanceFieldAOShared.usf" 296
"C:/Program Files/Epic Games/4.7/Engine/Binaries/Win64/../../../Engine/Shaders/SkyLighting.usf" 297
"C:/Program Files/Epic Games/4.7/Engine/Binaries/Win64/../../../Engine/Shaders/DistanceFieldSurfaceCacheLightingCompute.usf" 298
"C:/Program Files/Epic Games/4.7/Engine/Binaries/Win64/../../../Engine/Shaders/DistanceFieldShadowing.usf" 299
"C:/Program Files/Epic Games/4.7/Engine/Binaries/Win64/../../../Engine/Shaders/DepthOnlyPixelShader.usf" 300
"C:/Program Files/Epic Games/4.7/Engine/Binaries/Win64/../../../Engine/Shaders/DepthOnlyVertexShader.usf" 301
"C:/Program Files/Epic Games/4.7/Engine/Binaries/Win64/../../../Engine/Shaders/PositionOnlyDepthVertexShader.usf" 302
"C:/Program Files/Epic Games/4.7/Engine/Binaries/Win64/../../../Engine/Shaders/DownsampleDepthPixelShader.usf" 303
"C:/Program Files/Epic Games/4.7/Engine/Binaries/Win64/../../../Engine/Shaders/BasePassPixelShader.usf" 304
"C:/Program Files/Epic Games/4.7/Engine/Binaries/Win64/../../../Engine/Shaders/BasePassCommon.usf" 305
"C:/Program Files/Epic Games/4.7/Engine/Binaries/Win64/../../../Engine/Shaders/BasePassVertexShader.usf" 306
"C:/Program Files/Epic Games/4.7/Engine/Binaries/Win64/../../../Engine/Shaders/BasePassVertexCommon.usf" 307
"C:/Program Files/Epic Games/4.7/Engine/Binaries/Win64/../../../Engine/Shaders/BasePassTessellationShaders.usf" 308
"C:/Program Files/Epic Games/4.7/Engine/Binaries/Win64/../../../Engine/Shaders/AtmospherePrecompute.usf" 309
"C:/Program Files/Epic Games/4.7/Engine/Binaries/Win64/../../../Engine/Shaders/AtmospherePrecomputeCommon.usf" 310
"C:/Program Files/Epic Games/4.7/Engine/Binaries/Win64/../../../Engine/Shaders/AtmospherePrecomputeInscatter.usf" 311
"C:/Program Files/Epic Games/4.7/Engine/Binaries/Win64/../../../Engine/Shaders/AtmosphericFogShader.usf" 312
"C:/Program Files/Epic Games/4.7/Engine/Binaries/Win64/../../../Engine/Shaders/ParticleSortKeyGen.usf" 313
"C:/Program Files/Epic Games/4.7/Engine/Binaries/Win64/../../../Engine/Shaders/ParticleBoundsShader.usf" 314
"C:/Program Files/Epic Games/4.7/Engine/Binaries/Win64/../../../Engine/Shaders/ParticleSimVisualizeShader.usf" 315
"C:/Program Files/Epic Games/4.7/Engine/Binaries/Win64/../../../Engine/Shaders/ParticleInjectionShader.usf" 316
"C:/Program Files/Epic Games/4.7/Engine/Binaries/Win64/../../../Engine/Shaders/ParticleSimulationShader.usf" 317
"C:/Program Files/Epic Games/4.7/Engine/Binaries/Win64/../../../Engine/Shaders/ParticleCurveInjectionShader.usf" 318
"C:/Program Files/Epic Games/4.7/Engine/Binaries/Win64/../../../Engine/Shaders/VectorFieldCompositeShaders.usf" 319
"C:/Program Files/Epic Games/4.7/Engine/Binaries/Win64/../../../Engine/Shaders/UpdateTextureShaders.usf" 320
"C:/Program Files/Epic Games/4.7/Engine/Binaries/Win64/../../../Engine/Shaders/SimpleElementColorChannelMaskPixelShader.usf" 321
"C:/Program Files/Epic Games/4.7/Engine/Binaries/Win64/../../../Engine/Shaders/SimpleElementHitProxyPixelShader.usf" 322
"C:/Program Files/Epic Games/4.7/Engine/Binaries/Win64/../../../Engine/Shaders/SimpleElementPixelShader.usf" 323
"C:/Program Files/Epic Games/4.7/Engine/Binaries/Win64/../../../Engine/Shaders/ColorUtils.usf" 324
"C:/Program Files/Epic Games/4.7/Engine/Binaries/Win64/../../../Engine/Shaders/SimpleElementVertexShader.usf" 325
"C:/Program Files/Epic Games/4.7/Engine/Binaries/Win64/../../../Engine/Shaders/ScreenVertexShader.usf" 326
"C:/Program Files/Epic Games/4.7/Engine/Binaries/Win64/../../../Engine/Shaders/ScreenPixelShader.usf" 327
"C:/Program Files/Epic Games/4.7/Engine/Binaries/Win64/../../../Engine/Shaders/RadixSortShaders.usf" 328
"C:/Program Files/Epic Games/4.7/Engine/Binaries/Win64/../../../Engine/Shaders/GpuSkinCacheComputeShader.usf" 329
"C:/Program Files/Epic Games/4.7/Engine/Binaries/Win64/../../../Engine/Shaders/NullPixelShader.usf" 330
"C:/Program Files/Epic Games/4.7/Engine/Binaries/Win64/../../../Engine/Shaders/ClearReplacementShaders.usf" 331
"C:/Program Files/Epic Games/4.7/Engine/Binaries/Win64/../../../Engine/Shaders/SimpleElementTexture2DPreviewPixelShader.usf" 332
"C:/Program Files/Epic Games/4.7/Engine/Binaries/Win64/../../../Engine/Shaders/SimpleElementNormalMapPixelShader.usf" 333
"C:/Program Files/Epic Games/4.7/Engine/Binaries/Win64/../../../Engine/Shaders/meshpaintdilatepixelshader.usf" 334
"C:/Program Files/Epic Games/4.7/Engine/Binaries/Win64/../../../Engine/Shaders/meshpaintdilatevertexshader.usf" 335
"C:/Program Files/Epic Games/4.7/Engine/Binaries/Win64/../../../Engine/Shaders/MeshPaintPixelShader.usf" 336
"C:/Program Files/Epic Games/4.7/Engine/Binaries/Win64/../../../Engine/Shaders/MeshPaintVertexShader.usf" 337
"../../../Engine/Config/Android/AndroidEngine.ini" 338
"../../../Engine/Config/HTML5/HTML5Engine.ini" 339
"../../../Engine/Config/IOS/IOSEngine.ini" 340
"../../../Engine/Config/Linux/LinuxEngine.ini" 341
"C:/Users/Harry/AppData/Local/UnrealEngine/4.7/DerivedDataCache/Boot.ddc" 342
"../../../Engine/DerivedDataCache/Compressed.ddp" 343
"../../../Engine/Content/EditorResources/S_Actor.uasset" 344
"../../../Engine/Content/EditorLandscapeResources/DataLayer.uasset" 345
"../../../Engine/Content/Maps/Templates/Thumbnails/Default.uasset" 346
"../../../Engine/Content/EditorMaterials/ParticleSystems/PSysThumbnail_NoImage.uasset" 347
"../../../Engine/Content/EditorMaterials/ParticleSystems/PSysThumbnail_OOD.uasset" 348
"../../../Engine/Content/EngineFonts/Roboto.uasset" 349
"../../../Engine/Content/EngineMaterials/Widget3DPassThrough_Translucent.uasset" 350
"../../../Engine/Content/EngineMaterials/Widget3DPassThrough.uasset" 351
"../../../Engine/Content/EngineResources/WhiteSquareTexture.uasset" 352
"../../../Engine/Content/Functions/Engine_MaterialFunctions01/Shading/PowerToRoughness.uasset" 353
"../../../Engine/Content/Functions/Engine_MaterialFunctions01/Shading/ConvertFromDiffSpec.uasset" 354
"../../../Engine/Content/EngineMaterials/WorldGridMaterial.uasset" 355
"../../../Engine/Content/Functions/Engine_MaterialFunctions01/Opacity/CameraDepthFade.uasset" 356
"../../../Engine/Content/EngineMaterials/T_Default_Material_Grid_M.uasset" 357
"../../../Engine/Content/EngineMaterials/T_Default_Material_Grid_N.uasset" 358
"../../../Engine/Content/EngineMaterials/DefaultDeferredDecalMaterial.uasset" 359
"../../../Engine/Content/EngineMaterials/DefaultDiffuse.uasset" 360
"../../../Engine/Content/EngineMaterials/DefaultLightFunctionMaterial.uasset" 361
"../../../Engine/Content/EngineMaterials/DefaultPostProcessMaterial.uasset" 362
"../../../Engine/Content/Functions/Engine_MaterialFunctions02/Utility/BreakOutFloat2Components.uasset" 363
"../../../Engine/Content/EngineResources/DefaultTexture.uasset" 364
"../../../Engine/Content/EngineMaterials/Widget3DPassThrough_Translucent_OneSided.uasset" 365
"../../../Engine/Content/EngineMaterials/Widget3DPassThrough_Opaque.uasset" 366
"../../../Engine/Content/EngineMaterials/Widget3DPassThrough_Opaque_OneSided.uasset" 367
"../../../Engine/Content/EngineDamageTypes/DmgTypeBP_Environmental.uasset" 368
"../../../Engine/Content/EngineMeshes/Sphere.uasset" 369
"../../../Engine/Content/EngineFonts/RobotoDistanceField.uasset" 370
"../../../Engine/Content/EngineMaterials/DefaultTextMaterialOpaque.uasset" 371
"../../../Engine/Content/EditorResources/S_Trigger.uasset" 372
"../../../Engine/Content/EngineResources/GradientTexture0.uasset" 373
"../../../Engine/Content/EngineResources/Black.uasset" 374
"../../../Engine/Content/EditorMaterials/MatineeGroups/MAT_Groups_Float.uasset" 375
"../../../Engine/Content/EditorMaterials/MatineeGroups/MAT_Groups_Director.uasset" 376
"../../../Engine/Content/EditorMaterials/MatineeGroups/MAT_Groups_Event.uasset" 377
"../../../Engine/Content/EditorMaterials/MatineeGroups/MAT_Groups_Anim.uasset" 378
"../../../Engine/Content/EditorMaterials/MatineeGroups/MAT_Groups_Fade.uasset" 379
"../../../Engine/Content/EditorMaterials/MatineeGroups/MAT_Groups_Move.uasset" 380
"../../../Engine/Content/EditorMaterials/MatineeGroups/MAT_Groups_Slomo.uasset" 381
"../../../Engine/Content/EditorMaterials/MatineeGroups/MAT_ColorTrack.uasset" 382
"../../../Engine/Content/EditorMaterials/MAT_Groups_Toggle.uasset" 383
"../../../Engine/Content/EditorMaterials/MatineeGroups/MAT_Groups_AudioMaster.uasset" 384
"../../../Engine/Content/EditorMaterials/MatineeGroups/MAT_Groups_Sound.uasset" 385
"../../../Engine/Content/EditorMaterials/MatineeGroups/MAT_Groups_Vector.uasset" 386
"../../../Engine/Content/EditorMaterials/MAT_Groups_Visibility.uasset" 387
"../../../Engine/Content/EngineResources/DefaultTextureCube.uasset" 388
"../../../Engine/Content/EngineSounds/Master.uasset" 389
"../../../Engine/Content/EngineSounds/Music.uasset" 390
"../../../Engine/Content/EngineSounds/SFX.uasset" 391
"../../../Engine/Content/EngineSounds/Normal_Attack.uasset" 392
"../../../Engine/Content/EngineSounds/Special_Attack_PSM.uasset" 393
"../../../Engine/Content/EngineSounds/Duck_Normal_Attack_MixMod.uasset" 394
"../../../Engine/Content/EngineSounds/Voice.uasset" 395
"../../../Engine/Content/EngineMeshes/Cylinder.uasset" 396
"../../../Engine/Content/EngineMaterials/DefaultMaterial.uasset" 397
"../../../Engine/Content/EngineTireTypes/DefaultTireType.uasset" 398
"../../../Engine/Content/Editor/Slate/Fonts/FontAwesome.ttf" 399
"../../../Engine/Content/Editor/Slate/Fonts/DroidSansMono.ttf" 400
"../../../Engine/Content/Editor/Slate/Fonts/Roboto-BoldCondensed.ttf" 401
"../../../Engine/Content/Editor/Slate/Fonts/Roboto-Black.ttf" 402
"../../../Engine/Content/Editor/Slate/Fonts/Roboto-Italic.ttf" 403
"../../../Engine/Content/Editor/Slate/Fonts/Roboto-BoldCondensedItalic.ttf" 404
"../../../Engine/Plugins/2D/Paper2D/Content/MaskedUnlitSpriteMaterial.uasset" 405
"../../../Engine/Plugins/2D/Paper2D/Content/DefaultSpriteMaterial.uasset" 406
"../../../Engine/Plugins/2D/Paper2D/Content/DummySpriteTexture.uasset" 407
"../../../Engine/Plugins/2D/Paper2D/Content/OpaqueUnlitSpriteMaterial.uasset" 408
"../../../Engine/Plugins/2D/Paper2D/Content/DefaultPaperTerrainMaterial.uasset" 409
"../../../Engine/Plugins/2D/Paper2D/Content/DummySprite.uasset" 410
"C:/Users/Harry/AppData/Local/UnrealEngine/4.7/Saved/Config/Windows/SourceControlSettings.ini" 411
"../../../../../../Users/Harry/Documents/Unreal Projects/MyDemoLevelProject/Intermediate/Config/CoalescedSourceConfigs/SourceControlSettings.ini" 412
"C:/Users/Harry/Documents/Unreal Projects/MyDemoLevelProject/Saved/Config/Windows/SourceControlSettings.ini" 413
"../../../Engine/Content/EngineMaterials/RemoveSurfaceMaterial.uasset" 414
"../../../Engine/Content/EngineDebugMaterials/DebugMeshMaterial.uasset" 415
"../../../Engine/Content/EngineMaterials/M_InvalidLightmapSettings.uasset" 416
"../../../Engine/Content/EngineMaterials/InvalidLightmapSettings.uasset" 417
"../../../Engine/Content/EditorMaterials/GizmoMaterial.uasset" 418
"../../../Engine/Content/EngineMaterials/Good64x64TilingNoiseHighFreq.uasset" 419
"../../../Engine/Content/EngineMaterials/DefaultBokeh.uasset" 420
"../../../Engine/Content/EngineMaterials/PreintegratedSkinBRDF.uasset" 421
"../../../Engine/Content/EngineMaterials/MiniFont.uasset" 422
"../../../Engine/Content/EngineMaterials/WeightMapPlaceholderTexture.uasset" 423
"../../../Engine/Content/EngineMaterials/DefaultWhiteGrid.uasset" 424
"../../../Engine/Content/EngineMaterials/DefaultPhysicalMaterial.uasset" 425
"../../../Engine/Content/EngineFonts/RobotoTiny.uasset" 426
"../../../../../../Users/Harry/Documents/Unreal Projects/MyDemoLevelProject/Intermediate/CachedAssetRegistry.bin" 427
"../../../Engine/Content/MobileResources/HUD/VirtualJoystick_Thumb.uasset" 428
"../../../Engine/Content/MobileResources/HUD/VirtualJoystick_Background.uasset" 429
"../../../Engine/Content/MobileResources/HUD/T_Castle_ThumbstickOutter.uasset" 430
"../../../Engine/Content/MobileResources/HUD/T_Castle_ThumbstickInner.uasset" 431
"../../../Engine/Content/MobileResources/HUD/MobileHUDDirectionStick.uasset" 432
"../../../Engine/Content/MobileResources/HUD/MobileHUDDirectionPad3.uasset" 433
"../../../Engine/Content/MobileResources/HUD/MobileHUDDirectionPad2.uasset" 434
"../../../Engine/Content/MobileResources/HUD/MobileHUDDirectionPad.uasset" 435
"../../../Engine/Content/MobileResources/HUD/MobileHUDButtonFire.uasset" 436
"../../../Engine/Content/MobileResources/HUD/MobileHUDButton3.uasset" 437
"../../../Engine/Content/MobileResources/HUD/MobileHUDButton2_on.uasset" 438
"../../../Engine/Content/MobileResources/HUD/MobileHUDButton2_off.uasset" 439
"../../../Engine/Content/MobileResources/HUD/MobileHUDButton1_on.uasset" 440
"../../../Engine/Content/MobileResources/HUD/MobileHUDButton1_off.uasset" 441
"../../../Engine/Content/MobileResources/HUD/LeftVirtualJoystickOnly.uasset" 442
"../../../Engine/Content/MobileResources/HUD/DefaultVirtualJoysticks.uasset" 443
"../../../Engine/Content/MobileResources/HUD/AnalogHat.uasset" 444
"../../../Engine/Content/MobileResources/T_MobileMenu2.uasset" 445
"../../../Engine/Content/MobileResources/T_MobileControls_texture.uasset" 446
"../../../../../../Users/Harry/Documents/Unreal Projects/MyDemoLevelProject/Content/FirstPersonBP/Blueprints/FirstPersonGameMode.uasset" 447
"../../../../../../Users/Harry/Documents/Unreal Projects/MyDemoLevelProject/Content/FirstPersonBP/Blueprints/FirstPersonCharacter.uasset" 448
"../../../../../../Users/Harry/Documents/Unreal Projects/MyDemoLevelProject/Content/FirstPersonBP/Character/FirstPerson_AnimBlueprint.uasset" 449
"../../../../../../Users/Harry/Documents/Unreal Projects/MyDemoLevelProject/Content/FirstPersonBP/Animations/FirstPerson_Idle.uasset" 450
"../../../../../../Users/Harry/Documents/Unreal Projects/MyDemoLevelProject/Content/FirstPersonBP/Character/FirstPerson_Skeleton.uasset" 451
"../../../Engine/Content/EngineMeshes/Humanoid.uasset" 452
"../../../../../../Users/Harry/Documents/Unreal Projects/MyDemoLevelProject/Content/FirstPersonBP/Animations/FirstPerson_JumpEnd.uasset" 453
"../../../../../../Users/Harry/Documents/Unreal Projects/MyDemoLevelProject/Content/FirstPersonBP/Animations/FirstPerson_JumpLoop.uasset" 454
"../../../../../../Users/Harry/Documents/Unreal Projects/MyDemoLevelProject/Content/FirstPersonBP/Animations/FirstPerson_JumpStart.uasset" 455
"../../../../../../Users/Harry/Documents/Unreal Projects/MyDemoLevelProject/Content/FirstPersonBP/Animations/FirstPerson_Run.uasset" 456
"../../../../../../Users/Harry/Documents/Unreal Projects/MyDemoLevelProject/Content/FirstPersonBP/Animations/FirstPerson_Fire_Montage.uasset" 457
"../../../../../../Users/Harry/Documents/Unreal Projects/MyDemoLevelProject/Content/FirstPersonBP/Animations/FirstPerson_Fire.uasset" 458
"../../../../../../Users/Harry/Documents/Unreal Projects/MyDemoLevelProject/Content/FirstPersonBP/Blueprints/FirstPersonProjectile.uasset" 459
"../../../../../../Users/Harry/Documents/Unreal Projects/MyDemoLevelProject/Content/FirstPersonBP/Meshes/FirstPerson_ProjectileMesh.uasset" 460
"../../../Engine/Content/TemplateResources/MI_Template_BaseOrange.uasset" 461
"../../../Engine/Content/TemplateResources/M_Template_Master.uasset" 462
"../../../../../../Users/Harry/Documents/Unreal Projects/MyDemoLevelProject/Content/FirstPersonBP/Audio/FirstPerson_WeaponFire.uasset" 463
"../../../../../../Users/Harry/Documents/Unreal Projects/MyDemoLevelProject/Content/FirstPersonBP/Character/FirstPerson_SkelMesh.uasset" 464
"../../../Engine/Content/TemplateResources/MI_Template_BaseBlue.uasset" 465
"../../../../../../Users/Harry/Documents/Unreal Projects/MyDemoLevelProject/Content/FirstPersonBP/Blueprints/FirstPersonHUD.uasset" 466
"../../../../../../Users/Harry/Documents/Unreal Projects/MyDemoLevelProject/Content/FirstPersonBP/Textures/FirstPersonCrosshair.uasset" 467
"C:/Users/Harry/AppData/Local/UnrealEngine/Common/DerivedDataCache/0/1/9/PHYSX_$7B1F0627AE$2DABEB$2D4206$2D8D78$2DE16BEB5DDC7E$7D_PHYSXPC_890E85634807A__CA13636657256BB6D9CA2F677764BC0043E759F8.udd" 468
"C:/Users/Harry/AppData/Local/UnrealEngine/Common/DerivedDataCache/3/2/3/AUDIO_0002_0000_OGG_0001_E5ED6A9142512078DB7A78BD9FE6DA0C.udd" 469
"../../../Engine/Content/Maps/Entry.umap" 470
"../../../Engine/Content/EngineMaterials/DefaultNormal.uasset" 471
"../../../../../../Users/Harry/Documents/Unreal Projects/MyDemoLevelProject/Content/FirstPersonBP/Maps/FirstPersonExampleMap.umap" 472
"../../../Engine/Content/EngineSky/BP_Sky_Sphere.uasset" 473
"../../../Engine/Content/EditorBlueprintResources/StandardMacros.uasset" 474
"../../../Engine/Content/EngineSky/C_Sky_Cloud_Color.uasset" 475
"../../../Engine/Content/EngineSky/C_Sky_Horizon_Color.uasset" 476
"../../../Engine/Content/EngineSky/C_Sky_Zenith_Color.uasset" 477
"../../../Engine/Content/EngineSky/M_Sky_Panning_Clouds2.uasset" 478
"../../../Engine/Content/EngineSky/T_Sky_Blue.uasset" 479
"../../../Engine/Content/EngineSky/T_Sky_Clouds_M.uasset" 480
"../../../Engine/Content/EngineSky/T_Sky_Stars.uasset" 481
"../../../Engine/Content/EngineSky/SM_SkySphere.uasset" 482
"../../../Engine/Content/TemplateResources/MI_Template_BaseGray_02.uasset" 483
"../../../Engine/Content/MapTemplates/Bokeh_5Sides.uasset" 484
"../../../Engine/Content/MapTemplates/T_ScreenDirt02_w.uasset" 485
"../../../../../../Users/Harry/Documents/Unreal Projects/MyDemoLevelProject/Content/FirstPersonBP/Meshes/CubeMesh.uasset" 486
"../../../../../../Users/Harry/Documents/Unreal Projects/MyDemoLevelProject/Content/FirstPersonBP/Meshes/CubeMaterial.uasset" 487
"../../../../../../Users/Harry/Documents/Unreal Projects/MyDemoLevelProject/Content/FirstPersonBP/Meshes/FirstPersonCube_Rounded.uasset" 488
"C:/Users/Harry/AppData/Local/UnrealEngine/Common/DerivedDataCache/2/3/1/PHYSX_$7B1F0627AE$2DABEB$2D4206$2D8D78$2DE16BEB5DDC7E$7D_PHYSXPC_925CE7804D916__AA3F90C3886D87A8565BD4D304524C4C18E53AAE.udd" 489
"C:/Users/Harry/AppData/Local/UnrealEngine/Common/DerivedDataCache/3/7/2/PHYSX_$7B1F0627AE$2DABEB$2D4206$2D8D78$2DE16BEB5DDC7E$7D_PHYSXPC_08E25A3340104C7FAA39979E29375761__1_0_13075_0.udd" 490
"C:/Users/Harry/AppData/Local/UnrealEngine/Common/DerivedDataCache/1/7/8/PHYSX_$7B1F0627AE$2DABEB$2D4206$2D8D78$2DE16BEB5DDC7E$7D_PHYSXPC_0D968962474D572AC5FBBF8C9F71B348__1_0_13075_0.udd" 491
"C:/Users/Harry/AppData/Local/UnrealEngine/Common/DerivedDataCache/9/4/6/REFL_ENC_96DFC022836B48889143E9DF484C3296_0F3882DA4997F38F16EEE18AEB5C902F.udd" 492
"C:/Users/Harry/Documents/Unreal Projects/MyDemoLevelProject/Intermediate/Shaders/WorkingDirectory/6196/3/WorkerOutputOnly.out" 493
"C:/Users/Harry/Documents/Unreal Projects/MyDemoLevelProject/Intermediate/Shaders/WorkingDirectory/6196/2/WorkerOutputOnly.out" 494
"C:/Users/Harry/Documents/Unreal Projects/MyDemoLevelProject/Intermediate/Shaders/WorkingDirectory/6196/1/WorkerOutputOnly.out" 495
"C:/Users/Harry/Documents/Unreal Projects/MyDemoLevelProject/Intermediate/Shaders/WorkingDirectory/6196/0/WorkerOutputOnly.out" 496
"C:/Users/Harry/Documents/Unreal Projects/MyDemoLevelProject/Intermediate/Shaders/WorkingDirectory/6196/4/WorkerOutputOnly.out" 497
"../../../Engine/Content/EditorResources/EmptyActor.uasset" 498
"C:/Users/Harry/AppData/Local/UnrealEngine/Common/DerivedDataCache/9/6/1/TEXTURE_75F87CE100B546AAB8A1C4132AF9DB17_BGRA8_37EAE6544CEDB3763F5E6DA5FADD80D__9104DAFF049AEF9ACE8273E916333A7BB7C038E2.udd" 499
"C:/Users/Harry/AppData/Local/UnrealEngine/Common/DerivedDataCache/5/0/5/TEXTURE_75F87CE100B546AAB8A1C4132AF9DB17_BGRA8_AAFA7F9547F98CD68B10D1835619666__70B26B14B997DF20C752AFD2C2C2EAAD1A4EB867.udd" 500
"C:/Users/Harry/AppData/Local/UnrealEngine/Common/DerivedDataCache/0/4/6/TEXTURE_75F87CE100B546AAB8A1C4132AF9DB17_BGRA8_AAFA7F9547F98CD68B10D1835619666__4B2AFE1C59C3BC2F1FA4275CE2CC4F70985180C6.udd" 501
"C:/Users/Harry/AppData/Local/UnrealEngine/Common/DerivedDataCache/5/3/1/TEXTURE_75F87CE100B546AAB8A1C4132AF9DB17_BGRA8_AAFA7F9547F98CD68B10D1835619666__E82F789D3F74602AC289271D860A4B0899C5F5ED.udd" 502
"C:/Users/Harry/AppData/Local/UnrealEngine/Common/DerivedDataCache/0/6/9/TEXTURE_75F87CE100B546AAB8A1C4132AF9DB17_BGRA8_AAFA7F9547F98CD68B10D1835619666__66E54CB05EDD06C934F0B3158F39F1F072E47215.udd" 503
"C:/Users/Harry/AppData/Local/UnrealEngine/Common/DerivedDataCache/4/4/9/TEXTURE_75F87CE100B546AAB8A1C4132AF9DB17_BGRA8_AAFA7F9547F98CD68B10D1835619666__5957CBC0992C36A4FFB1A5E6A15EA275A813F471.udd" 504
"C:/Users/Harry/AppData/Local/UnrealEngine/Common/DerivedDataCache/1/5/6/TEXTURE_75F87CE100B546AAB8A1C4132AF9DB17_BGRA8_AAFA7F9547F98CD68B10D1835619666__D35F0EBB5391BAE9DC63140A37E28FCCBFAE32C1.udd" 505
"C:/Users/Harry/AppData/Local/UnrealEngine/Common/DerivedDataCache/6/9/7/TEXTURE_75F87CE100B546AAB8A1C4132AF9DB17_BGRA8_AAFA7F9547F98CD68B10D1835619666__5F662F672099370382408FDB61F2DEBD88C6EA20.udd" 506
"C:/Users/Harry/AppData/Local/UnrealEngine/Common/DerivedDataCache/7/5/0/TEXTURE_75F87CE100B546AAB8A1C4132AF9DB17_BGRA8_EF17926E491A2C25B2FFB59FCEDFE7B__63882A46F5E0DD07895D6D8A296EFAE99154426F.udd" 507
"C:/Users/Harry/AppData/Local/UnrealEngine/Common/DerivedDataCache/8/5/7/TEXTURE_75F87CE100B546AAB8A1C4132AF9DB17_BGRA8_EF17926E491A2C25B2FFB59FCEDFE7B__B26C9DE6705D53ED013C51DFD8E8F392E03E87A7.udd" 508
"C:/Users/Harry/AppData/Local/UnrealEngine/Common/DerivedDataCache/5/3/2/TEXTURE_75F87CE100B546AAB8A1C4132AF9DB17_BGRA8_EF17926E491A2C25B2FFB59FCEDFE7B__CF496A9784F27B5FF8CBAFAF1944DB6078663EB9.udd" 509
"C:/Users/Harry/AppData/Local/UnrealEngine/Common/DerivedDataCache/0/0/1/TEXTURE_75F87CE100B546AAB8A1C4132AF9DB17_BGRA8_EF17926E491A2C25B2FFB59FCEDFE7B__3C6AEFEE926817CCC45DB52EBDFC68A8F726FBF5.udd" 510
"C:/Users/Harry/AppData/Local/UnrealEngine/Common/DerivedDataCache/5/5/8/TEXTURE_75F87CE100B546AAB8A1C4132AF9DB17_BGRA8_EF17926E491A2C25B2FFB59FCEDFE7B__0F9A1AFB6FDB11039F7DB14575AAFCB39F8378F5.udd" 511
"C:/Users/Harry/AppData/Local/UnrealEngine/Common/DerivedDataCache/7/9/5/TEXTURE_75F87CE100B546AAB8A1C4132AF9DB17_BGRA8_EF17926E491A2C25B2FFB59FCEDFE7B__BCAFE289E9F46F27676155021E26E4A28C594C8D.udd" 512
"C:/Users/Harry/AppData/Local/UnrealEngine/Common/DerivedDataCache/7/4/2/TEXTURE_75F87CE100B546AAB8A1C4132AF9DB17_BGRA8_0084601B43C12009E50138A01645B31__40E2AA4B60A1F1EBE817CD68DA8FC435725A9ADB.udd" 513
"C:/Users/Harry/AppData/Local/UnrealEngine/Common/DerivedDataCache/2/2/6/TEXTURE_75F87CE100B546AAB8A1C4132AF9DB17_BGRA8_0084601B43C12009E50138A01645B31__DFA6E4BF46860A931C245A7906FA4F014A153CD6.udd" 514
"C:/Users/Harry/AppData/Local/UnrealEngine/Common/DerivedDataCache/5/1/1/TEXTURE_75F87CE100B546AAB8A1C4132AF9DB17_BGRA8_0084601B43C12009E50138A01645B31__DFBB6887E9F049AF5151B71C5740A7E24801B743.udd" 515
"C:/Users/Harry/AppData/Local/UnrealEngine/Common/DerivedDataCache/9/4/6/TEXTURE_75F87CE100B546AAB8A1C4132AF9DB17_BGRA8_0084601B43C12009E50138A01645B31__5EB8A08BEE1DDED3C19479B703142E9183DEC3FE.udd" 516
"C:/Users/Harry/AppData/Local/UnrealEngine/Common/DerivedDataCache/6/5/3/TEXTURE_75F87CE100B546AAB8A1C4132AF9DB17_BGRA8_0084601B43C12009E50138A01645B31__904EA158A94D39457862256DE862111F70383903.udd" 517
"C:/Users/Harry/AppData/Local/UnrealEngine/Common/DerivedDataCache/3/7/4/TEXTURE_75F87CE100B546AAB8A1C4132AF9DB17_BGRA8_0084601B43C12009E50138A01645B31__FEE643D07C17AA8ED2A7B04C06F5E751F05398B5.udd" 518
"C:/Users/Harry/AppData/Local/UnrealEngine/Common/DerivedDataCache/7/5/1/TEXTURE_75F87CE100B546AAB8A1C4132AF9DB17_BGRA8_540EBEFB4B01471A4FC07F832E57DC0__0BDE2EE69C5DBB7F21DB6E9416A160B2A2461A99.udd" 519
"C:/Users/Harry/AppData/Local/UnrealEngine/Common/DerivedDataCache/2/6/5/TEXTURE_75F87CE100B546AAB8A1C4132AF9DB17_BGRA8_540EBEFB4B01471A4FC07F832E57DC0__4A6AF60011A432D808B51317CBBDCAAA0B8135D1.udd" 520
"C:/Users/Harry/AppData/Local/UnrealEngine/Common/DerivedDataCache/4/8/7/TEXTURE_75F87CE100B546AAB8A1C4132AF9DB17_BGRA8_540EBEFB4B01471A4FC07F832E57DC0__052EC5ABA6DEC28D79F759A97DFF27589200B3C6.udd" 521
"C:/Users/Harry/AppData/Local/UnrealEngine/Common/DerivedDataCache/4/3/1/TEXTURE_75F87CE100B546AAB8A1C4132AF9DB17_BGRA8_540EBEFB4B01471A4FC07F832E57DC0__482E41A945A03AB5C463CD3133932B01B32C8F0D.udd" 522
"C:/Users/Harry/AppData/Local/UnrealEngine/Common/DerivedDataCache/0/4/8/TEXTURE_75F87CE100B546AAB8A1C4132AF9DB17_BGRA8_540EBEFB4B01471A4FC07F832E57DC0__739B9D42A61AC4AC11564FEFC705F490788C7E04.udd" 523
"C:/Users/Harry/AppData/Local/UnrealEngine/Common/DerivedDataCache/7/6/5/TEXTURE_75F87CE100B546AAB8A1C4132AF9DB17_BGRA8_540EBEFB4B01471A4FC07F832E57DC0__BC1E2730AB5BF5ABAC738F585DBAE40B451D0FA1.udd" 524
"C:/Users/Harry/AppData/Local/UnrealEngine/Common/DerivedDataCache/4/7/7/TEXTURE_75F87CE100B546AAB8A1C4132AF9DB17_BGRA8_C0B84A4B4203DD472C55BCA51BC31D5__523A465A5AF5D83EF4130840E811E6D6E6320625.udd" 525
"C:/Users/Harry/AppData/Local/UnrealEngine/Common/DerivedDataCache/9/5/1/TEXTURE_75F87CE100B546AAB8A1C4132AF9DB17_BGRA8_C0B84A4B4203DD472C55BCA51BC31D5__DE6A75D6471E0512816463BC60551DBC6A917386.udd" 526
"C:/Users/Harry/AppData/Local/UnrealEngine/Common/DerivedDataCache/1/9/4/TEXTURE_75F87CE100B546AAB8A1C4132AF9DB17_BGRA8_C0B84A4B4203DD472C55BCA51BC31D5__127EC55B18D3C498783B8B12D0E7904D612E29D7.udd" 527
"C:/Users/Harry/AppData/Local/UnrealEngine/Common/DerivedDataCache/8/3/0/TEXTURE_75F87CE100B546AAB8A1C4132AF9DB17_BGRA8_C0B84A4B4203DD472C55BCA51BC31D5__C83DEC6BFA7DB09F9A39EF6E2357BD7443D8CC2C.udd" 528
"C:/Users/Harry/AppData/Local/UnrealEngine/Common/DerivedDataCache/8/4/9/TEXTURE_75F87CE100B546AAB8A1C4132AF9DB17_BGRA8_C0B84A4B4203DD472C55BCA51BC31D5__97AADB94DD97B1725816799F4F1B394D63ADACD4.udd" 529
"C:/Users/Harry/AppData/Local/UnrealEngine/Common/DerivedDataCache/8/0/7/TEXTURE_75F87CE100B546AAB8A1C4132AF9DB17_BGRA8_C0B84A4B4203DD472C55BCA51BC31D5__00EE639DEDBBB701F5EB8CCE01F043A58272B488.udd" 530
"C:/Users/Harry/AppData/Local/UnrealEngine/Common/DerivedDataCache/1/7/5/TEXTURE_75F87CE100B546AAB8A1C4132AF9DB17_BGRA8_B39751D942A4DDAB759301B2BFE4288__265AE284D7768F5D790CB23A1B3B6C2D46FC8451.udd" 531
"C:/Users/Harry/AppData/Local/UnrealEngine/Common/DerivedDataCache/7/0/2/TEXTURE_75F87CE100B546AAB8A1C4132AF9DB17_BGRA8_B39751D942A4DDAB759301B2BFE4288__07E2E6722081E7EE8E580280C3EA0CEC9B8EDD6B.udd" 532
"C:/Users/Harry/AppData/Local/UnrealEngine/Common/DerivedDataCache/8/3/7/TEXTURE_75F87CE100B546AAB8A1C4132AF9DB17_BGRA8_B39751D942A4DDAB759301B2BFE4288__ACDC12348EB7B573001FC306737210D1D440D3B8.udd" 533
"C:/Users/Harry/AppData/Local/UnrealEngine/Common/DerivedDataCache/2/3/0/TEXTURE_75F87CE100B546AAB8A1C4132AF9DB17_BGRA8_B39751D942A4DDAB759301B2BFE4288__0A8093AD5EB6E030950F1352D4D7DB76F72D7202.udd" 534
"C:/Users/Harry/AppData/Local/UnrealEngine/Common/DerivedDataCache/5/7/5/TEXTURE_75F87CE100B546AAB8A1C4132AF9DB17_BGRA8_B39751D942A4DDAB759301B2BFE4288__0AEEAE3719A5C20AC934B2E2E4AE436B8A5209E8.udd" 535
"C:/Users/Harry/AppData/Local/UnrealEngine/Common/DerivedDataCache/0/2/8/TEXTURE_75F87CE100B546AAB8A1C4132AF9DB17_BGRA8_B39751D942A4DDAB759301B2BFE4288__172A089330887ABC7D3B8356C50E409AFF1BE2DC.udd" 536
"C:/Users/Harry/AppData/Local/UnrealEngine/Common/DerivedDataCache/0/6/7/TEXTURE_75F87CE100B546AAB8A1C4132AF9DB17_BGRA8_BD5CF7AB41957A6687ECEFB56F67A0D__15C9AE958BD0B07300EFA7CBA786BF5CF5F82E6F.udd" 537
"C:/Users/Harry/AppData/Local/UnrealEngine/Common/DerivedDataCache/8/6/1/TEXTURE_75F87CE100B546AAB8A1C4132AF9DB17_BGRA8_BD5CF7AB41957A6687ECEFB56F67A0D__BC3812AD819DE000BF47649837E8AEEA55F5248E.udd" 538
"C:/Users/Harry/AppData/Local/UnrealEngine/Common/DerivedDataCache/5/1/7/TEXTURE_75F87CE100B546AAB8A1C4132AF9DB17_BGRA8_BD5CF7AB41957A6687ECEFB56F67A0D__A0A92480556FD213D0C20952FE71F9DD43D7AC02.udd" 539
"C:/Users/Harry/AppData/Local/UnrealEngine/Common/DerivedDataCache/4/2/9/TEXTURE_75F87CE100B546AAB8A1C4132AF9DB17_BGRA8_BD5CF7AB41957A6687ECEFB56F67A0D__7D1FC3C4D112A2CCA19D8883AA369D5F6938D0C2.udd" 540
"C:/Users/Harry/AppData/Local/UnrealEngine/Common/DerivedDataCache/9/0/2/TEXTURE_75F87CE100B546AAB8A1C4132AF9DB17_BGRA8_BD5CF7AB41957A6687ECEFB56F67A0D__D1F69470A006B3E396275F6A578027BC763AD501.udd" 541
"C:/Users/Harry/AppData/Local/UnrealEngine/Common/DerivedDataCache/9/3/5/TEXTURE_75F87CE100B546AAB8A1C4132AF9DB17_BGRA8_BD5CF7AB41957A6687ECEFB56F67A0D__5CED5B9713462279DCA8A41F07746E625052338F.udd" 542
"../../../../../../Users/Harry/Documents/Unreal Projects/MyDemoLevelProject/Content/StarterContent/Maps/StarterMap.umap" 543
"../../../../../../Users/Harry/Documents/Unreal Projects/MyDemoLevelProject/Content/StarterContent/Blueprints/Blueprint_Effect_Fire.uasset" 544
"../../../../../../Users/Harry/Documents/Unreal Projects/MyDemoLevelProject/Content/StarterContent/Audio/Fire01_Cue.uasset" 545
"../../../../../../Users/Harry/Documents/Unreal Projects/MyDemoLevelProject/Content/StarterContent/Audio/Fire01.uasset" 546
"../../../../../../Users/Harry/Documents/Unreal Projects/MyDemoLevelProject/Content/StarterContent/Particles/P_Fire.uasset" 547
"../../../../../../Users/Harry/Documents/Unreal Projects/MyDemoLevelProject/Content/StarterContent/Particles/Materials/M_Fire_SubUV.uasset" 548
"../../../../../../Users/Harry/Documents/Unreal Projects/MyDemoLevelProject/Content/StarterContent/Textures/T_Fire_SubUV.uasset" 549
"../../../../../../Users/Harry/Documents/Unreal Projects/MyDemoLevelProject/Content/StarterContent/Textures/T_Fire_Tiled_D.uasset" 550
"../../../../../../Users/Harry/Documents/Unreal Projects/MyDemoLevelProject/Content/StarterContent/Particles/Materials/M_Heat_Distortion.uasset" 551
"../../../../../../Users/Harry/Documents/Unreal Projects/MyDemoLevelProject/Content/StarterContent/Textures/T_Water_N.uasset" 552
"../../../../../../Users/Harry/Documents/Unreal Projects/MyDemoLevelProject/Content/StarterContent/Particles/Materials/M_Radial_Gradient.uasset" 553
"../../../Engine/Content/Functions/Engine_MaterialFunctions01/Gradient/RadialGradient.uasset" 554
"../../../../../../Users/Harry/Documents/Unreal Projects/MyDemoLevelProject/Content/StarterContent/Particles/Materials/M_smoke_subUV.uasset" 555
"../../../../../../Users/Harry/Documents/Unreal Projects/MyDemoLevelProject/Content/StarterContent/Textures/T_Smoke_SubUV.uasset" 556
"../../../../../../Users/Harry/Documents/Unreal Projects/MyDemoLevelProject/Content/StarterContent/Textures/T_Smoke_Tiled_D.uasset" 557
"../../../../../../Users/Harry/Documents/Unreal Projects/MyDemoLevelProject/Content/StarterContent/Blueprints/Blueprint_Effect_Smoke.uasset" 558
"../../../../../../Users/Harry/Documents/Unreal Projects/MyDemoLevelProject/Content/StarterContent/Audio/Smoke01_Cue.uasset" 559
"../../../../../../Users/Harry/Documents/Unreal Projects/MyDemoLevelProject/Content/StarterContent/Audio/Smoke01.uasset" 560
"../../../../../../Users/Harry/Documents/Unreal Projects/MyDemoLevelProject/Content/StarterContent/Particles/P_Smoke.uasset" 561
"../../../../../../Users/Harry/Documents/Unreal Projects/MyDemoLevelProject/Content/StarterContent/Blueprints/Blueprint_Effect_Sparks.uasset" 562
"../../../../../../Users/Harry/Documents/Unreal Projects/MyDemoLevelProject/Content/StarterContent/Audio/Fire_Sparks01_Cue.uasset" 563
"../../../../../../Users/Harry/Documents/Unreal Projects/MyDemoLevelProject/Content/StarterContent/Audio/Fire_Sparks01.uasset" 564
"../../../../../../Users/Harry/Documents/Unreal Projects/MyDemoLevelProject/Content/StarterContent/Particles/P_Sparks.uasset" 565
"../../../../../../Users/Harry/Documents/Unreal Projects/MyDemoLevelProject/Content/StarterContent/Particles/Materials/M_Spark.uasset" 566
"../../../../../../Users/Harry/Documents/Unreal Projects/MyDemoLevelProject/Content/StarterContent/Textures/T_Spark_Core.uasset" 567
"../../../../../../Users/Harry/Documents/Unreal Projects/MyDemoLevelProject/Content/StarterContent/Blueprints/Blueprint_Effect_Steam.uasset" 568
"../../../../../../Users/Harry/Documents/Unreal Projects/MyDemoLevelProject/Content/StarterContent/Audio/Steam01_Cue.uasset" 569
"../../../../../../Users/Harry/Documents/Unreal Projects/MyDemoLevelProject/Content/StarterContent/Audio/Steam01.uasset" 570
"../../../../../../Users/Harry/Documents/Unreal Projects/MyDemoLevelProject/Content/StarterContent/Particles/P_Steam_Lit.uasset" 571
"../../../../../../Users/Harry/Documents/Unreal Projects/MyDemoLevelProject/Content/StarterContent/Blueprints/Blueprint_CeilingLight.uasset" 572
"../../../../../../Users/Harry/Documents/Unreal Projects/MyDemoLevelProject/Content/StarterContent/Props/SM_Lamp_Ceiling.uasset" 573
"../../../../../../Users/Harry/Documents/Unreal Projects/MyDemoLevelProject/Content/StarterContent/Props/Materials/M_Lamp.uasset" 574
"../../../../../../Users/Harry/Documents/Unreal Projects/MyDemoLevelProject/Content/StarterContent/Textures/T_Lamp_M.uasset" 575
"../../../../../../Users/Harry/Documents/Unreal Projects/MyDemoLevelProject/Content/StarterContent/Textures/T_Lamp_N.uasset" 576
"../../../../../../Users/Harry/Documents/Unreal Projects/MyDemoLevelProject/Content/StarterContent/Blueprints/Blueprint_WallSconce.uasset" 577
"../../../../../../Users/Harry/Documents/Unreal Projects/MyDemoLevelProject/Content/StarterContent/Props/SM_Lamp_Wall.uasset" 578
"../../../Engine/Content/EngineMaterials/AntiAliasedTextMaterialTranslucent.uasset" 579
"../../../Engine/Content/Functions/Engine_MaterialFunctions03/Procedurals/ComputeFilterWidth.uasset" 580
"../../../../../../Users/Harry/Documents/Unreal Projects/MyDemoLevelProject/Content/StarterContent/Materials/M_Brick_Clay_Beveled.uasset" 581
"../../../../../../Users/Harry/Documents/Unreal Projects/MyDemoLevelProject/Content/StarterContent/Textures/T_Brick_Clay_Beveled_D.uasset" 582
"../../../../../../Users/Harry/Documents/Unreal Projects/MyDemoLevelProject/Content/StarterContent/Textures/T_Brick_Clay_Beveled_M.uasset" 583
"../../../../../../Users/Harry/Documents/Unreal Projects/MyDemoLevelProject/Content/StarterContent/Textures/T_Brick_Clay_Beveled_N.uasset" 584
"../../../../../../Users/Harry/Documents/Unreal Projects/MyDemoLevelProject/Content/StarterContent/Textures/T_MacroVariation.uasset" 585
"../../../../../../Users/Harry/Documents/Unreal Projects/MyDemoLevelProject/Content/StarterContent/Materials/M_Brick_Clay_New.uasset" 586
"../../../../../../Users/Harry/Documents/Unreal Projects/MyDemoLevelProject/Content/StarterContent/Textures/T_Brick_Clay_New_D.uasset" 587
"../../../../../../Users/Harry/Documents/Unreal Projects/MyDemoLevelProject/Content/StarterContent/Textures/T_Brick_Clay_New_M.uasset" 588
"../../../../../../Users/Harry/Documents/Unreal Projects/MyDemoLevelProject/Content/StarterContent/Textures/T_Brick_Clay_New_N.uasset" 589
"../../../../../../Users/Harry/Documents/Unreal Projects/MyDemoLevelProject/Content/StarterContent/Textures/T_Detail_Rocky_N.uasset" 590
"../../../../../../Users/Harry/Documents/Unreal Projects/MyDemoLevelProject/Content/StarterContent/Materials/M_Brick_Clay_Old.uasset" 591
"../../../../../../Users/Harry/Documents/Unreal Projects/MyDemoLevelProject/Content/StarterContent/Textures/T_Brick_Clay_Old_D.uasset" 592
"../../../../../../Users/Harry/Documents/Unreal Projects/MyDemoLevelProject/Content/StarterContent/Textures/T_Brick_Clay_Old_N.uasset" 593
"../../../../../../Users/Harry/Documents/Unreal Projects/MyDemoLevelProject/Content/StarterContent/Textures/T_Perlin_Noise_M.uasset" 594
"../../../../../../Users/Harry/Documents/Unreal Projects/MyDemoLevelProject/Content/StarterContent/Materials/M_Brick_Cut_Stone.uasset" 595
"../../../../../../Users/Harry/Documents/Unreal Projects/MyDemoLevelProject/Content/StarterContent/Textures/T_Brick_Cut_Stone_D.uasset" 596
"../../../../../../Users/Harry/Documents/Unreal Projects/MyDemoLevelProject/Content/StarterContent/Textures/T_Brick_Cut_Stone_N.uasset" 597
"../../../../../../Users/Harry/Documents/Unreal Projects/MyDemoLevelProject/Content/StarterContent/Materials/M_Brick_Hewn_Stone.uasset" 598
"../../../../../../Users/Harry/Documents/Unreal Projects/MyDemoLevelProject/Content/StarterContent/Textures/T_Brick_Hewn_Stone_D.uasset" 599
"../../../../../../Users/Harry/Documents/Unreal Projects/MyDemoLevelProject/Content/StarterContent/Textures/T_Brick_Hewn_Stone_M.uasset" 600
"../../../../../../Users/Harry/Documents/Unreal Projects/MyDemoLevelProject/Content/StarterContent/Textures/T_Brick_Hewn_Stone_N.uasset" 601
"../../../../../../Users/Harry/Documents/Unreal Projects/MyDemoLevelProject/Content/StarterContent/Materials/M_Ceramic_Tile_Checker.uasset" 602
"../../../../../../Users/Harry/Documents/Unreal Projects/MyDemoLevelProject/Content/StarterContent/Textures/T_Ceramic_Tile_M.uasset" 603
"../../../../../../Users/Harry/Documents/Unreal Projects/MyDemoLevelProject/Content/StarterContent/Textures/T_Ceramic_Tile_N.uasset" 604
"../../../../../../Users/Harry/Documents/Unreal Projects/MyDemoLevelProject/Content/StarterContent/Textures/T_Rock_Marble_Polished_D.uasset" 605
"../../../../../../Users/Harry/Documents/Unreal Projects/MyDemoLevelProject/Content/StarterContent/Materials/M_CobbleStone_Pebble.uasset" 606
"../../../../../../Users/Harry/Documents/Unreal Projects/MyDemoLevelProject/Content/StarterContent/Textures/T_CobbleStone_Pebble_D.uasset" 607
"../../../../../../Users/Harry/Documents/Unreal Projects/MyDemoLevelProject/Content/StarterContent/Textures/T_CobbleStone_Pebble_M.uasset" 608
"../../../../../../Users/Harry/Documents/Unreal Projects/MyDemoLevelProject/Content/StarterContent/Textures/T_CobbleStone_Pebble_N.uasset" 609
"../../../../../../Users/Harry/Documents/Unreal Projects/MyDemoLevelProject/Content/StarterContent/Materials/M_CobbleStone_Rough.uasset" 610
"../../../../../../Users/Harry/Documents/Unreal Projects/MyDemoLevelProject/Content/StarterContent/Textures/T_CobbleStone_Rough_D.uasset" 611
"../../../../../../Users/Harry/Documents/Unreal Projects/MyDemoLevelProject/Content/StarterContent/Textures/T_CobbleStone_Rough_N.uasset" 612
"../../../../../../Users/Harry/Documents/Unreal Projects/MyDemoLevelProject/Content/StarterContent/Textures/T_Gradinet_01.uasset" 613
"../../../../../../Users/Harry/Documents/Unreal Projects/MyDemoLevelProject/Content/StarterContent/Textures/T_Rock_Smooth_Granite_D.uasset" 614
"../../../../../../Users/Harry/Documents/Unreal Projects/MyDemoLevelProject/Content/StarterContent/Materials/M_CobbleStone_Smooth.uasset" 615
"../../../../../../Users/Harry/Documents/Unreal Projects/MyDemoLevelProject/Content/StarterContent/Textures/T_CobbleStone_Smooth_D.uasset" 616
"../../../../../../Users/Harry/Documents/Unreal Projects/MyDemoLevelProject/Content/StarterContent/Textures/T_CobbleStone_Smooth_M.uasset" 617
"../../../../../../Users/Harry/Documents/Unreal Projects/MyDemoLevelProject/Content/StarterContent/Textures/T_CobbleStone_Smooth_N.uasset" 618
"../../../../../../Users/Harry/Documents/Unreal Projects/MyDemoLevelProject/Content/StarterContent/Materials/M_Concrete_Grime.uasset" 619
"../../../../../../Users/Harry/Documents/Unreal Projects/MyDemoLevelProject/Content/StarterContent/Textures/T_Concrete_Grime_D.uasset" 620
"../../../../../../Users/Harry/Documents/Unreal Projects/MyDemoLevelProject/Content/StarterContent/Textures/T_Metal_Rust_N.uasset" 621
"../../../../../../Users/Harry/Documents/Unreal Projects/MyDemoLevelProject/Content/StarterContent/Materials/M_Concrete_Panels.uasset" 622
"../../../../../../Users/Harry/Documents/Unreal Projects/MyDemoLevelProject/Content/StarterContent/Textures/T_Concrete_Panels_D.uasset" 623
"../../../../../../Users/Harry/Documents/Unreal Projects/MyDemoLevelProject/Content/StarterContent/Textures/T_Concrete_Panels_N.uasset" 624
"../../../../../../Users/Harry/Documents/Unreal Projects/MyDemoLevelProject/Content/StarterContent/Materials/M_Concrete_Poured.uasset" 625
"../../../../../../Users/Harry/Documents/Unreal Projects/MyDemoLevelProject/Content/StarterContent/Textures/T_Concrete_Poured_D.uasset" 626
"../../../../../../Users/Harry/Documents/Unreal Projects/MyDemoLevelProject/Content/StarterContent/Textures/T_Concrete_Poured_N.uasset" 627
"../../../../../../Users/Harry/Documents/Unreal Projects/MyDemoLevelProject/Content/StarterContent/Materials/M_Concrete_Tiles.uasset" 628
"../../../../../../Users/Harry/Documents/Unreal Projects/MyDemoLevelProject/Content/StarterContent/Textures/T_Concrete_Tiles_D.uasset" 629
"../../../../../../Users/Harry/Documents/Unreal Projects/MyDemoLevelProject/Content/StarterContent/Textures/T_Concrete_Tiles_M.uasset" 630
"../../../../../../Users/Harry/Documents/Unreal Projects/MyDemoLevelProject/Content/StarterContent/Textures/T_Concrete_Tiles_N.uasset" 631
"../../../../../../Users/Harry/Documents/Unreal Projects/MyDemoLevelProject/Content/StarterContent/Textures/T_Concrete_Tiles_Variation_M.uasset" 632
"../../../../../../Users/Harry/Documents/Unreal Projects/MyDemoLevelProject/Content/StarterContent/Materials/M_Ground_Grass.uasset" 633
"../../../../../../Users/Harry/Documents/Unreal Projects/MyDemoLevelProject/Content/StarterContent/Textures/T_Ground_Grass_D.uasset" 634
"../../../../../../Users/Harry/Documents/Unreal Projects/MyDemoLevelProject/Content/StarterContent/Textures/T_Ground_Grass_N.uasset" 635
"../../../../../../Users/Harry/Documents/Unreal Projects/MyDemoLevelProject/Content/StarterContent/Materials/M_Ground_Gravel.uasset" 636
"../../../../../../Users/Harry/Documents/Unreal Projects/MyDemoLevelProject/Content/StarterContent/Textures/T_Ground_Gravel_D.uasset" 637
"../../../../../../Users/Harry/Documents/Unreal Projects/MyDemoLevelProject/Content/StarterContent/Textures/T_Ground_Gravel_N.uasset" 638
"../../../../../../Users/Harry/Documents/Unreal Projects/MyDemoLevelProject/Content/StarterContent/Materials/M_Ground_Moss.uasset" 639
"../../../../../../Users/Harry/Documents/Unreal Projects/MyDemoLevelProject/Content/StarterContent/Textures/T_ground_Moss_D.uasset" 640
"../../../../../../Users/Harry/Documents/Unreal Projects/MyDemoLevelProject/Content/StarterContent/Textures/T_Ground_Moss_N.uasset" 641
"../../../../../../Users/Harry/Documents/Unreal Projects/MyDemoLevelProject/Content/StarterContent/Materials/M_Metal_Brushed_Nickel.uasset" 642
"../../../../../../Users/Harry/Documents/Unreal Projects/MyDemoLevelProject/Content/StarterContent/Materials/M_Metal_Burnished_Steel.uasset" 643
"../../../../../../Users/Harry/Documents/Unreal Projects/MyDemoLevelProject/Content/StarterContent/Textures/T_Metal_Aluminum_D.uasset" 644
"../../../../../../Users/Harry/Documents/Unreal Projects/MyDemoLevelProject/Content/StarterContent/Textures/T_Metal_Gold_N.uasset" 645
"../../../../../../Users/Harry/Documents/Unreal Projects/MyDemoLevelProject/Content/StarterContent/Materials/M_Metal_Chrome.uasset" 646
"../../../../../../Users/Harry/Documents/Unreal Projects/MyDemoLevelProject/Content/StarterContent/Materials/M_Metal_Copper.uasset" 647
"../../../../../../Users/Harry/Documents/Unreal Projects/MyDemoLevelProject/Content/StarterContent/Textures/T_Metal_Copper_D.uasset" 648
"../../../../../../Users/Harry/Documents/Unreal Projects/MyDemoLevelProject/Content/StarterContent/Materials/M_Metal_Gold.uasset" 649
"../../../../../../Users/Harry/Documents/Unreal Projects/MyDemoLevelProject/Content/StarterContent/Textures/T_Metal_Gold_D.uasset" 650
"../../../../../../Users/Harry/Documents/Unreal Projects/MyDemoLevelProject/Content/StarterContent/Materials/M_Metal_Rust.uasset" 651
"../../../Engine/Content/Functions/Engine_MaterialFunctions02/Utility/BlendAngleCorrectedNormals.uasset" 652
"../../../../../../Users/Harry/Documents/Unreal Projects/MyDemoLevelProject/Content/StarterContent/Textures/T_Metal_Rust_D.uasset" 653
"../../../../../../Users/Harry/Documents/Unreal Projects/MyDemoLevelProject/Content/StarterContent/Materials/M_Metal_Steel.uasset" 654
"../../../../../../Users/Harry/Documents/Unreal Projects/MyDemoLevelProject/Content/StarterContent/Textures/T_Metal_Steel_D.uasset" 655
"../../../../../../Users/Harry/Documents/Unreal Projects/MyDemoLevelProject/Content/StarterContent/Textures/T_Metal_Steel_N.uasset" 656
"../../../../../../Users/Harry/Documents/Unreal Projects/MyDemoLevelProject/Content/StarterContent/Materials/M_Rock_Basalt.uasset" 657
"../../../../../../Users/Harry/Documents/Unreal Projects/MyDemoLevelProject/Content/StarterContent/Textures/T_Rock_Basalt_D.uasset" 658
"../../../../../../Users/Harry/Documents/Unreal Projects/MyDemoLevelProject/Content/StarterContent/Textures/T_Rock_Basalt_N.uasset" 659
"../../../../../../Users/Harry/Documents/Unreal Projects/MyDemoLevelProject/Content/StarterContent/Materials/M_Rock_Marble_Polished.uasset" 660
"../../../../../../Users/Harry/Documents/Unreal Projects/MyDemoLevelProject/Content/StarterContent/Materials/M_Rock_Sandstone.uasset" 661
"../../../../../../Users/Harry/Documents/Unreal Projects/MyDemoLevelProject/Content/StarterContent/Textures/T_Rock_Sandstone_D.uasset" 662
"../../../../../../Users/Harry/Documents/Unreal Projects/MyDemoLevelProject/Content/StarterContent/Textures/T_Rock_Sandstone_N.uasset" 663
"../../../../../../Users/Harry/Documents/Unreal Projects/MyDemoLevelProject/Content/StarterContent/Materials/M_Rock_Slate.uasset" 664
"../../../../../../Users/Harry/Documents/Unreal Projects/MyDemoLevelProject/Content/StarterContent/Textures/T_Rock_Slate_D.uasset" 665
"../../../../../../Users/Harry/Documents/Unreal Projects/MyDemoLevelProject/Content/StarterContent/Textures/T_Rock_Slate_N.uasset" 666
"../../../../../../Users/Harry/Documents/Unreal Projects/MyDemoLevelProject/Content/StarterContent/Materials/M_Tech_Checker_Dot.uasset" 667
"../../../../../../Users/Harry/Documents/Unreal Projects/MyDemoLevelProject/Content/StarterContent/Textures/T_Checker_Noise_M.uasset" 668
"../../../../../../Users/Harry/Documents/Unreal Projects/MyDemoLevelProject/Content/StarterContent/Textures/T_Single_Tile_N.uasset" 669
"../../../../../../Users/Harry/Documents/Unreal Projects/MyDemoLevelProject/Content/StarterContent/Textures/T_Tech_Dot_M.uasset" 670
"../../../../../../Users/Harry/Documents/Unreal Projects/MyDemoLevelProject/Content/StarterContent/Textures/T_Tech_Dot_N.uasset" 671
"../../../../../../Users/Harry/Documents/Unreal Projects/MyDemoLevelProject/Content/StarterContent/Materials/M_Tech_Hex_Tile.uasset" 672
"../../../../../../Users/Harry/Documents/Unreal Projects/MyDemoLevelProject/Content/StarterContent/Textures/T_Tech_Hex_Tile_M.uasset" 673
"../../../../../../Users/Harry/Documents/Unreal Projects/MyDemoLevelProject/Content/StarterContent/Textures/T_Tech_Hex_Tile_N.uasset" 674
"../../../../../../Users/Harry/Documents/Unreal Projects/MyDemoLevelProject/Content/StarterContent/Materials/M_Tech_Hex_Tile_Pulse.uasset" 675
"../../../../../../Users/Harry/Documents/Unreal Projects/MyDemoLevelProject/Content/StarterContent/Materials/M_Tech_Panel.uasset" 676
"../../../../../../Users/Harry/Documents/Unreal Projects/MyDemoLevelProject/Content/StarterContent/Textures/T_Tech_Panel_M.uasset" 677
"../../../../../../Users/Harry/Documents/Unreal Projects/MyDemoLevelProject/Content/StarterContent/Textures/T_Tech_Panel_N.uasset" 678
"../../../../../../Users/Harry/Documents/Unreal Projects/MyDemoLevelProject/Content/StarterContent/Materials/M_Water_Lake.uasset" 679
"../../../../../../Users/Harry/Documents/Unreal Projects/MyDemoLevelProject/Content/StarterContent/Materials/M_Water_Ocean.uasset" 680
"../../../../../../Users/Harry/Documents/Unreal Projects/MyDemoLevelProject/Content/StarterContent/Textures/T_Water_M.uasset" 681
"../../../../../../Users/Harry/Documents/Unreal Projects/MyDemoLevelProject/Content/StarterContent/Materials/M_Wood_Floor_Walnut_Polished.uasset" 682
"../../../../../../Users/Harry/Documents/Unreal Projects/MyDemoLevelProject/Content/StarterContent/Textures/T_Wood_Floor_Walnut_D.uasset" 683
"../../../../../../Users/Harry/Documents/Unreal Projects/MyDemoLevelProject/Content/StarterContent/Textures/T_Wood_Floor_Walnut_M.uasset" 684
"../../../../../../Users/Harry/Documents/Unreal Projects/MyDemoLevelProject/Content/StarterContent/Textures/T_Wood_Floor_Walnut_N.uasset" 685
"../../../../../../Users/Harry/Documents/Unreal Projects/MyDemoLevelProject/Content/StarterContent/Materials/M_Wood_Floor_Walnut_Worn.uasset" 686
"../../../Engine/Content/Functions/Engine_MaterialFunctions01/Opacity/AlphaOffset.uasset" 687
"../../../../../../Users/Harry/Documents/Unreal Projects/MyDemoLevelProject/Content/StarterContent/Materials/M_Wood_Oak.uasset" 688
"../../../../../../Users/Harry/Documents/Unreal Projects/MyDemoLevelProject/Content/StarterContent/Textures/T_Wood_Oak_D.uasset" 689
"../../../../../../Users/Harry/Documents/Unreal Projects/MyDemoLevelProject/Content/StarterContent/Textures/T_Wood_Oak_N.uasset" 690
"../../../../../../Users/Harry/Documents/Unreal Projects/MyDemoLevelProject/Content/StarterContent/Materials/M_Wood_Pine.uasset" 691
"../../../../../../Users/Harry/Documents/Unreal Projects/MyDemoLevelProject/Content/StarterContent/Textures/T_Wood_Pine_D.uasset" 692
"../../../../../../Users/Harry/Documents/Unreal Projects/MyDemoLevelProject/Content/StarterContent/Textures/T_Wood_Pine_N.uasset" 693
"../../../../../../Users/Harry/Documents/Unreal Projects/MyDemoLevelProject/Content/StarterContent/Materials/M_Wood_Walnut.uasset" 694
"../../../../../../Users/Harry/Documents/Unreal Projects/MyDemoLevelProject/Content/StarterContent/Textures/T_Wood_Walnut_D.uasset" 695
"../../../../../../Users/Harry/Documents/Unreal Projects/MyDemoLevelProject/Content/StarterContent/Textures/T_Wood_Walnut_N.uasset" 696
"../../../../../../Users/Harry/Documents/Unreal Projects/MyDemoLevelProject/Content/StarterContent/Props/Materials/M_Chair.uasset" 697
"../../../../../../Users/Harry/Documents/Unreal Projects/MyDemoLevelProject/Content/StarterContent/Textures/T_Chair_M.uasset" 698
"../../../../../../Users/Harry/Documents/Unreal Projects/MyDemoLevelProject/Content/StarterContent/Textures/T_Chair_N.uasset" 699
"../../../../../../Users/Harry/Documents/Unreal Projects/MyDemoLevelProject/Content/StarterContent/Architecture/Floor_400x400.uasset" 700
"../../../../../../Users/Harry/Documents/Unreal Projects/MyDemoLevelProject/Content/StarterContent/Materials/M_Basic_Floor.uasset" 701
"../../../../../../Users/Harry/Documents/Unreal Projects/MyDemoLevelProject/Content/StarterContent/Architecture/Wall_400x200.uasset" 702
"../../../../../../Users/Harry/Documents/Unreal Projects/MyDemoLevelProject/Content/StarterContent/Materials/M_Basic_Wall.uasset" 703
"../../../../../../Users/Harry/Documents/Unreal Projects/MyDemoLevelProject/Content/StarterContent/Architecture/Wall_Door_400x300.uasset" 704
"../../../../../../Users/Harry/Documents/Unreal Projects/MyDemoLevelProject/Content/StarterContent/Architecture/Wall_Window_400x300.uasset" 705
"../../../../../../Users/Harry/Documents/Unreal Projects/MyDemoLevelProject/Content/StarterContent/Audio/Collapse_Cue.uasset" 706
"../../../../../../Users/Harry/Documents/Unreal Projects/MyDemoLevelProject/Content/StarterContent/Audio/Collapse01.uasset" 707
"../../../../../../Users/Harry/Documents/Unreal Projects/MyDemoLevelProject/Content/StarterContent/Audio/Collapse02.uasset" 708
"../../../../../../Users/Harry/Documents/Unreal Projects/MyDemoLevelProject/Content/StarterContent/Audio/Starter_Background_Cue.uasset" 709
"../../../../../../Users/Harry/Documents/Unreal Projects/MyDemoLevelProject/Content/StarterContent/Audio/Starter_Birds01.uasset" 710
"../../../../../../Users/Harry/Documents/Unreal Projects/MyDemoLevelProject/Content/StarterContent/Audio/Starter_Wind05.uasset" 711
"../../../../../../Users/Harry/Documents/Unreal Projects/MyDemoLevelProject/Content/StarterContent/Audio/Starter_Wind06.uasset" 712
"../../../../../../Users/Harry/Documents/Unreal Projects/MyDemoLevelProject/Content/StarterContent/Audio/Starter_Music_Cue.uasset" 713
"../../../../../../Users/Harry/Documents/Unreal Projects/MyDemoLevelProject/Content/StarterContent/Audio/Starter_Music01.uasset" 714
"../../../../../../Users/Harry/Documents/Unreal Projects/MyDemoLevelProject/Content/StarterContent/Particles/P_Ambient_Dust.uasset" 715
"../../../../../../Users/Harry/Documents/Unreal Projects/MyDemoLevelProject/Content/StarterContent/Particles/Materials/M_Dust_Particle.uasset" 716
"../../../../../../Users/Harry/Documents/Unreal Projects/MyDemoLevelProject/Content/StarterContent/Textures/T_Dust_Particle_D.uasset" 717
"../../../../../../Users/Harry/Documents/Unreal Projects/MyDemoLevelProject/Content/StarterContent/Props/MaterialSphere.uasset" 718
"../../../../../../Users/Harry/Documents/Unreal Projects/MyDemoLevelProject/Content/StarterContent/Props/SM_Chair.uasset" 719
"../../../../../../Users/Harry/Documents/Unreal Projects/MyDemoLevelProject/Content/StarterContent/Props/SM_CornerFrame.uasset" 720
"../../../../../../Users/Harry/Documents/Unreal Projects/MyDemoLevelProject/Content/StarterContent/Props/Materials/M_Frame.uasset" 721
"../../../../../../Users/Harry/Documents/Unreal Projects/MyDemoLevelProject/Content/StarterContent/Textures/T_Frame_M.uasset" 722
"../../../../../../Users/Harry/Documents/Unreal Projects/MyDemoLevelProject/Content/StarterContent/Textures/T_Frame_N.uasset" 723
"../../../../../../Users/Harry/Documents/Unreal Projects/MyDemoLevelProject/Content/StarterContent/Props/SM_DoorFrame.uasset" 724
"../../../../../../Users/Harry/Documents/Unreal Projects/MyDemoLevelProject/Content/StarterContent/Props/SM_GlassWindow.uasset" 725
"../../../../../../Users/Harry/Documents/Unreal Projects/MyDemoLevelProject/Content/StarterContent/Materials/M_Glass.uasset" 726
"../../../../../../Users/Harry/Documents/Unreal Projects/MyDemoLevelProject/Content/StarterContent/Props/SM_PillarFrame.uasset" 727
"../../../../../../Users/Harry/Documents/Unreal Projects/MyDemoLevelProject/Content/StarterContent/Props/SM_PillarFrame300.uasset" 728
"../../../../../../Users/Harry/Documents/Unreal Projects/MyDemoLevelProject/Content/StarterContent/Props/SM_Statue.uasset" 729
"../../../../../../Users/Harry/Documents/Unreal Projects/MyDemoLevelProject/Content/StarterContent/Props/Materials/M_Statue.uasset" 730
"../../../../../../Users/Harry/Documents/Unreal Projects/MyDemoLevelProject/Content/StarterContent/Textures/T_Statue_M.uasset" 731
"../../../../../../Users/Harry/Documents/Unreal Projects/MyDemoLevelProject/Content/StarterContent/Textures/T_Statue_N.uasset" 732
"../../../../../../Users/Harry/Documents/Unreal Projects/MyDemoLevelProject/Content/StarterContent/Props/Materials/M_StatueGlass.uasset" 733
"../../../../../../Users/Harry/Documents/Unreal Projects/MyDemoLevelProject/Content/StarterContent/Props/SM_TableRound.uasset" 734
"../../../../../../Users/Harry/Documents/Unreal Projects/MyDemoLevelProject/Content/StarterContent/Props/Materials/M_TableRound.uasset" 735
"../../../../../../Users/Harry/Documents/Unreal Projects/MyDemoLevelProject/Content/StarterContent/Textures/T_TableRound_M.uasset" 736
"../../../../../../Users/Harry/Documents/Unreal Projects/MyDemoLevelProject/Content/StarterContent/Textures/T_TableRound_N.uasset" 737
"../../../../../../Users/Harry/Documents/Unreal Projects/MyDemoLevelProject/Content/StarterContent/Props/SM_WindowFrame.uasset" 738
"../../../../../../Users/Harry/Documents/Unreal Projects/MyDemoLevelProject/Content/StarterContent/Shapes/Shape_Cube.uasset" 739
"../../../../../../Users/Harry/Documents/Unreal Projects/MyDemoLevelProject/Content/StarterContent/Shapes/Shape_QuadPyramid.uasset" 740
"../../../../../../Users/Harry/Documents/Unreal Projects/MyDemoLevelProject/Content/StarterContent/Shapes/Shape_Sphere.uasset" 741
"C:/Users/Harry/AppData/Local/UnrealEngine/Common/DerivedDataCache/2/7/3/AUDIO_0002_0000_OGG_0001_45DA31D24952A30D9D59C58355781501.udd" 742
"C:/Users/Harry/AppData/Local/UnrealEngine/Common/DerivedDataCache/7/8/2/AUDIO_0002_0000_OGG_0001_8D7626FF43F2E7CB0FFEF1819DF93FE0.udd" 743
"C:/Users/Harry/AppData/Local/UnrealEngine/Common/DerivedDataCache/6/1/4/AUDIO_0002_0000_OGG_0001_B847AAD74080418C90B2E9968E18B4E9.udd" 744
"C:/Users/Harry/AppData/Local/UnrealEngine/Common/DerivedDataCache/8/3/0/AUDIO_0002_0000_OGG_0001_31D870B44577B2511571CA9564A08892.udd" 745
"C:/Users/Harry/AppData/Local/UnrealEngine/Common/DerivedDataCache/8/3/6/STATICMESH_46A8778361B442A9523C54440EA1E9D_2C1BC8F50A7A43818AFE266EB43D9060_02__8223DE5B0A1104FB0DE94BD5561224562AC7F3B4.udd" 746
"C:/Users/Harry/AppData/Local/UnrealEngine/Common/DerivedDataCache/8/9/6/PHYSX_$7B1F0627AE$2DABEB$2D4206$2D8D78$2DE16BEB5DDC7E$7D_PHYSXPC_7DB5A1CA40BA8__17431DDB605025970552CE1514FAE320555E4A72.udd" 747
"C:/Users/Harry/AppData/Local/UnrealEngine/Common/DerivedDataCache/3/7/2/STATICMESH_46A8778361B442A9523C54440EA1E9D_2C1BC8F50A7A43818AFE266EB43D9060_B9__A0022ADACD998E565661E43C670B5AC6AC46251D.udd" 748
"C:/Users/Harry/AppData/Local/UnrealEngine/Common/DerivedDataCache/1/5/3/PHYSX_$7B1F0627AE$2DABEB$2D4206$2D8D78$2DE16BEB5DDC7E$7D_PHYSXPC_F3B1B6204FC97__5E35C19F1034A5BF9D6E38566A5E1872AC52F382.udd" 749
"C:/Users/Harry/AppData/Local/UnrealEngine/Common/DerivedDataCache/1/9/3/STATICMESH_46A8778361B442A9523C54440EA1E9D_2C1BC8F50A7A43818AFE266EB43D9060_02__E254B9603B2CE42FC2C81501D52B3273882283C7.udd" 750
"C:/Users/Harry/AppData/Local/UnrealEngine/Common/DerivedDataCache/0/7/2/PHYSX_$7B1F0627AE$2DABEB$2D4206$2D8D78$2DE16BEB5DDC7E$7D_PHYSXPC_2509884045094__720DE698850C6A2C3C63BD3EDB7656C0C0A300B3.udd" 751
"C:/Users/Harry/AppData/Local/UnrealEngine/Common/DerivedDataCache/7/7/3/STATICMESH_46A8778361B442A9523C54440EA1E9D_2C1BC8F50A7A43818AFE266EB43D9060_45__E5610DAE5EC42295959E91765E7B7391E87D793B.udd" 752
"C:/Users/Harry/AppData/Local/UnrealEngine/Common/DerivedDataCache/8/4/7/PHYSX_$7B1F0627AE$2DABEB$2D4206$2D8D78$2DE16BEB5DDC7E$7D_PHYSXPC_07F9A2C44E269__83C99651F47BEE6986E1DC4D7452A05F54B1E343.udd" 753
"C:/Users/Harry/AppData/Local/UnrealEngine/Common/DerivedDataCache/2/8/2/STATICMESH_46A8778361B442A9523C54440EA1E9D_2C1BC8F50A7A43818AFE266EB43D9060_82__0D8811F3254F471C9A68ABF36EAE41F9AA51268C.udd" 754
"C:/Users/Harry/AppData/Local/UnrealEngine/Common/DerivedDataCache/0/6/4/PHYSX_$7B1F0627AE$2DABEB$2D4206$2D8D78$2DE16BEB5DDC7E$7D_PHYSXPC_453E422B40677__B4E4C4186081F95223EC6961C6DC629B85EC191C.udd" 755
"C:/Users/Harry/AppData/Local/UnrealEngine/Common/DerivedDataCache/3/7/1/STATICMESH_46A8778361B442A9523C54440EA1E9D_2C1BC8F50A7A43818AFE266EB43D9060_56__B4F92BF28C779D4053A1FA1DB21DFB8A1D49C7F7.udd" 756
"C:/Users/Harry/AppData/Local/UnrealEngine/Common/DerivedDataCache/8/2/5/PHYSX_$7B1F0627AE$2DABEB$2D4206$2D8D78$2DE16BEB5DDC7E$7D_PHYSXPC_B8DB85E544425__026D675AACE4CB11790426AADA83FB9963EB3AEB.udd" 757
"C:/Users/Harry/AppData/Local/UnrealEngine/Common/DerivedDataCache/3/7/2/STATICMESH_46A8778361B442A9523C54440EA1E9D_2C1BC8F50A7A43818AFE266EB43D9060_66__E9B8B5124AD2E40EB5485689956CDFAB13D12F0D.udd" 758
"C:/Users/Harry/AppData/Local/UnrealEngine/Common/DerivedDataCache/3/0/7/PHYSX_$7B1F0627AE$2DABEB$2D4206$2D8D78$2DE16BEB5DDC7E$7D_PHYSXPC_09A411334C0C5__CCA8D03A714655BDAE0AAE60E55CB462BCD29FBC.udd" 759
"C:/Users/Harry/AppData/Local/UnrealEngine/Common/DerivedDataCache/7/4/9/AUDIO_0002_0000_OGG_0001_1FFCDDAF446F0A5DB5CD53804F454EE7.udd" 760
"C:/Users/Harry/AppData/Local/UnrealEngine/Common/DerivedDataCache/1/4/5/AUDIO_0002_0000_OGG_0001_A6E12C614B66182215E77BB91A3CB1BF.udd" 761
"C:/Users/Harry/AppData/Local/UnrealEngine/Common/DerivedDataCache/7/7/0/AUDIO_0002_0000_OGG_0001_CD469D784CE5A724E7AC91BFEB714703.udd" 762
"C:/Users/Harry/AppData/Local/UnrealEngine/Common/DerivedDataCache/7/9/0/AUDIO_0002_0000_OGG_0001_E75A4F2F4CCFF455DEA17FBBE7ACBDC4.udd" 763
"C:/Users/Harry/AppData/Local/UnrealEngine/Common/DerivedDataCache/0/7/0/AUDIO_0002_0000_OGG_0001_832AA7D646A65116077516991F445FE9.udd" 764
"C:/Users/Harry/AppData/Local/UnrealEngine/Common/DerivedDataCache/5/3/0/AUDIO_0002_0000_OGG_0001_B61A001F430257DF762D2EB2E8AF2447.udd" 765
"C:/Users/Harry/AppData/Local/UnrealEngine/Common/DerivedDataCache/3/8/3/STATICMESH_46A8778361B442A9523C54440EA1E9D_2C1BC8F50A7A43818AFE266EB43D9060_8D__52D8CCB8D5B8A880683829910A708FB889C18BEF.udd" 766
"C:/Users/Harry/AppData/Local/UnrealEngine/Common/DerivedDataCache/7/1/2/PHYSX_$7B1F0627AE$2DABEB$2D4206$2D8D78$2DE16BEB5DDC7E$7D_PHYSXPC_CC1ABFA347532__FB0308106DD2FEE84B32493DC228BF060A3AA393.udd" 767
"C:/Users/Harry/AppData/Local/UnrealEngine/Common/DerivedDataCache/2/1/4/STATICMESH_46A8778361B442A9523C54440EA1E9D_2C1BC8F50A7A43818AFE266EB43D9060_04__73CA4CB9B4B0C35749E038E682AAEFF0511723D4.udd" 768
"C:/Users/Harry/AppData/Local/UnrealEngine/Common/DerivedDataCache/8/1/7/PHYSX_$7B1F0627AE$2DABEB$2D4206$2D8D78$2DE16BEB5DDC7E$7D_PHYSXPC_3820455E4BFB4__1B1EF2E509EA6DC4B667879C2B85EEC54C514088.udd" 769
"C:/Users/Harry/AppData/Local/UnrealEngine/Common/DerivedDataCache/9/9/0/STATICMESH_46A8778361B442A9523C54440EA1E9D_2C1BC8F50A7A43818AFE266EB43D9060_23__30BB5B9C6F510B718BB7F6A5EC8827D00B1C79D2.udd" 770
"C:/Users/Harry/AppData/Local/UnrealEngine/Common/DerivedDataCache/6/1/0/PHYSX_$7B1F0627AE$2DABEB$2D4206$2D8D78$2DE16BEB5DDC7E$7D_PHYSXPC_C6B9179541096__4407AD1B0FA51292934CE1448C9431E551B06CD3.udd" 771
"C:/Users/Harry/AppData/Local/UnrealEngine/Common/DerivedDataCache/3/2/7/STATICMESH_46A8778361B442A9523C54440EA1E9D_2C1BC8F50A7A43818AFE266EB43D9060_C5__807022F23C111F982560EE4A0432712E5305280E.udd" 772
"C:/Users/Harry/AppData/Local/UnrealEngine/Common/DerivedDataCache/8/0/1/PHYSX_$7B1F0627AE$2DABEB$2D4206$2D8D78$2DE16BEB5DDC7E$7D_PHYSXPC_5184434E48ECC__FFD63A344FDAEA035A565DAA33C79D2FFCB7FDAA.udd" 773
"C:/Users/Harry/AppData/Local/UnrealEngine/Common/DerivedDataCache/3/7/7/STATICMESH_46A8778361B442A9523C54440EA1E9D_2C1BC8F50A7A43818AFE266EB43D9060_57__DAC250CC42A71838EA74DDEAA489F4230298B51C.udd" 774
"C:/Users/Harry/AppData/Local/UnrealEngine/Common/DerivedDataCache/2/4/6/PHYSX_$7B1F0627AE$2DABEB$2D4206$2D8D78$2DE16BEB5DDC7E$7D_PHYSXPC_C858DBFA44107__FA300DB08CEEEA71C068D9312AA4FA64AD850574.udd" 775
"C:/Users/Harry/AppData/Local/UnrealEngine/Common/DerivedDataCache/8/6/3/STATICMESH_46A8778361B442A9523C54440EA1E9D_2C1BC8F50A7A43818AFE266EB43D9060_7F__31DE5DE7CA85CDBDFBF958EA462B6DE623E5B128.udd" 776
"C:/Users/Harry/AppData/Local/UnrealEngine/Common/DerivedDataCache/7/8/5/PHYSX_$7B1F0627AE$2DABEB$2D4206$2D8D78$2DE16BEB5DDC7E$7D_PHYSXPC_63619DC145200__F0E828E9640E6377AD042DE3A88AA40E75EFA6D4.udd" 777
"C:/Users/Harry/AppData/Local/UnrealEngine/Common/DerivedDataCache/6/0/5/STATICMESH_46A8778361B442A9523C54440EA1E9D_2C1BC8F50A7A43818AFE266EB43D9060_E2__FA1E7D177F2430AFF771F7CF6B2660C8DE7CF5CB.udd" 778
"C:/Users/Harry/AppData/Local/UnrealEngine/Common/DerivedDataCache/3/5/3/PHYSX_$7B1F0627AE$2DABEB$2D4206$2D8D78$2DE16BEB5DDC7E$7D_PHYSXPC_6893434443EB1__0E6E157D001898F332292D33BDF1A4C74679CC8E.udd" 779
"C:/Users/Harry/AppData/Local/UnrealEngine/Common/DerivedDataCache/6/3/8/STATICMESH_46A8778361B442A9523C54440EA1E9D_2C1BC8F50A7A43818AFE266EB43D9060_86__B91E89731F517F24EEA6C6B6D861D953AB17CF7B.udd" 780
"C:/Users/Harry/AppData/Local/UnrealEngine/Common/DerivedDataCache/2/1/2/PHYSX_$7B1F0627AE$2DABEB$2D4206$2D8D78$2DE16BEB5DDC7E$7D_PHYSXPC_76F19F1A4349D__A26F76AE9C6A117B1062F609E02E22B6D776E180.udd" 781
"C:/Users/Harry/AppData/Local/UnrealEngine/Common/DerivedDataCache/9/5/5/STATICMESH_46A8778361B442A9523C54440EA1E9D_2C1BC8F50A7A43818AFE266EB43D9060_12__7AEEA07E29B82E62B9945AC62E833496EC7334D8.udd" 782
"C:/Users/Harry/AppData/Local/UnrealEngine/Common/DerivedDataCache/1/1/2/PHYSX_$7B1F0627AE$2DABEB$2D4206$2D8D78$2DE16BEB5DDC7E$7D_PHYSXPC_A71BCF0247850__F98DAEE569C991D7D48957B65EDD7368D103E702.udd" 783
"C:/Users/Harry/AppData/Local/UnrealEngine/Common/DerivedDataCache/3/8/3/STATICMESH_46A8778361B442A9523C54440EA1E9D_2C1BC8F50A7A43818AFE266EB43D9060_00__87A38F330716038ACBDBFD2FEB7B9A864656C1BD.udd" 784
"C:/Users/Harry/AppData/Local/UnrealEngine/Common/DerivedDataCache/1/2/9/PHYSX_$7B1F0627AE$2DABEB$2D4206$2D8D78$2DE16BEB5DDC7E$7D_PHYSXPC_8A49F15341AC1__91623E3E64DBC89DA66A727585F9DA1B6C82811D.udd" 785
"C:/Users/Harry/AppData/Local/UnrealEngine/Common/DerivedDataCache/3/7/1/STATICMESH_46A8778361B442A9523C54440EA1E9D_2C1BC8F50A7A43818AFE266EB43D9060_E3__D5D52BCE775230B6C3442ADFFBB597D293318730.udd" 786
"C:/Users/Harry/AppData/Local/UnrealEngine/Common/DerivedDataCache/7/8/6/PHYSX_$7B1F0627AE$2DABEB$2D4206$2D8D78$2DE16BEB5DDC7E$7D_PHYSXPC_B76FD1FA4C50F__0C4325B56D6A3EE0A0D3FC7F63938C4D24EEADBA.udd" 787
"C:/Users/Harry/AppData/Local/UnrealEngine/Common/DerivedDataCache/3/0/3/STATICMESH_46A8778361B442A9523C54440EA1E9D_2C1BC8F50A7A43818AFE266EB43D9060_BD__04B154DAE504BD8FC1A73954FC645670EE1DAD66.udd" 788
"C:/Users/Harry/AppData/Local/UnrealEngine/Common/DerivedDataCache/4/1/9/PHYSX_$7B1F0627AE$2DABEB$2D4206$2D8D78$2DE16BEB5DDC7E$7D_PHYSXPC_57C9460347BCD__B509591DFB3B54C5FCC70AE171C2DA67C522D4E7.udd" 789
"C:/Users/Harry/AppData/Local/UnrealEngine/Common/DerivedDataCache/6/9/4/PHYSX_$7B1F0627AE$2DABEB$2D4206$2D8D78$2DE16BEB5DDC7E$7D_PHYSXPC_AD0E7F3347721CC921AA2986EDA14AB7__1_0_13075_0.udd" 790
"C:/Users/Harry/AppData/Local/UnrealEngine/Common/DerivedDataCache/9/0/9/PHYSX_$7B1F0627AE$2DABEB$2D4206$2D8D78$2DE16BEB5DDC7E$7D_PHYSXPC_DE5AD09C41E31D2E538CBDB380D34964__1_0_13075_0.udd" 791
"C:/Users/Harry/AppData/Local/UnrealEngine/Common/DerivedDataCache/9/7/8/REFL_ENC_96DFC022836B48889143E9DF484C3296_C10A27F449321832475BC79F58D0018B.udd" 792
"C:/Users/Harry/AppData/Local/UnrealEngine/Common/DerivedDataCache/2/2/1/REFL_ENC_96DFC022836B48889143E9DF484C3296_9BB043D642BB0A812C46D98EEF57FC28.udd" 793
"C:/Users/Harry/AppData/Local/UnrealEngine/Common/DerivedDataCache/6/7/9/REFL_ENC_96DFC022836B48889143E9DF484C3296_DBB48DCA4AC4734721A79FBF900F4671.udd" 794
"C:/Users/Harry/AppData/Local/UnrealEngine/Common/DerivedDataCache/8/6/4/REFL_ENC_96DFC022836B48889143E9DF484C3296_5A39F23B48994C3D331E07BF6F2D15B4.udd" 795
"C:/Users/Harry/AppData/Local/UnrealEngine/Common/DerivedDataCache/4/6/3/REFL_ENC_96DFC022836B48889143E9DF484C3296_5BE3EE77499A45AFF2983F93BB8FBF49.udd" 796
"C:/Users/Harry/AppData/Local/UnrealEngine/Common/DerivedDataCache/2/3/9/REFL_ENC_96DFC022836B48889143E9DF484C3296_1E9526C949CB443D4BCB8F9021633DA7.udd" 797
"C:/Users/Harry/AppData/Local/UnrealEngine/Common/DerivedDataCache/4/4/0/REFL_ENC_96DFC022836B48889143E9DF484C3296_532DBF964A044BB48BF82987F0FB56DD.udd" 798
"C:/Users/Harry/AppData/Local/UnrealEngine/Common/DerivedDataCache/0/4/7/REFL_ENC_96DFC022836B48889143E9DF484C3296_70A3CDDC4C49F942D5DAF2A5F14528F7.udd" 799
"C:/Users/Harry/AppData/Local/UnrealEngine/Common/DerivedDataCache/0/7/3/REFL_ENC_96DFC022836B48889143E9DF484C3296_785CE317450B5703A0032A8EBFA84017.udd" 800
"C:/Users/Harry/AppData/Local/UnrealEngine/Common/DerivedDataCache/7/8/0/REFL_ENC_96DFC022836B48889143E9DF484C3296_DB604800488CA5AE3C2AF5BD3051C698.udd" 801
"C:/Users/Harry/Documents/Unreal Projects/MyDemoLevelProject/Intermediate/Shaders/WorkingDirectory/6196/6/WorkerOutputOnly.out" 802
"C:/Users/Harry/Documents/Unreal Projects/MyDemoLevelProject/Intermediate/Shaders/WorkingDirectory/6196/7/WorkerOutputOnly.out" 803
"C:/Users/Harry/Documents/Unreal Projects/MyDemoLevelProject/Intermediate/Shaders/WorkingDirectory/6196/5/WorkerOutputOnly.out" 804
"../../../Engine/Content/EditorResources/AudioIcons/S_AudioComponent_AutoActivate.uasset" 805
"../../../Engine/Content/EditorResources/AudioIcons/S_AudioComponent.uasset" 806
"C:/Users/Harry/AppData/Local/UnrealEngine/Common/DerivedDataCache/6/1/1/TEXTURE_75F87CE100B546AAB8A1C4132AF9DB17_BGRA8_D275E6194DA8266ED86A9A9BF3493D4__44684B44310B160ABB94602E88E762F9DD193DCB.udd" 807
"C:/Users/Harry/AppData/Local/UnrealEngine/Common/DerivedDataCache/6/4/2/TEXTURE_75F87CE100B546AAB8A1C4132AF9DB17_BGRA8_D275E6194DA8266ED86A9A9BF3493D4__F4EF506E4CE9C4D67D4201F9AE1673B7F114E933.udd" 808
"C:/Users/Harry/AppData/Local/UnrealEngine/Common/DerivedDataCache/6/8/9/TEXTURE_75F87CE100B546AAB8A1C4132AF9DB17_BGRA8_D275E6194DA8266ED86A9A9BF3493D4__2B5028BF9D15059BBC18BE51E01EAB66B7030EC0.udd" 809
"C:/Users/Harry/AppData/Local/UnrealEngine/Common/DerivedDataCache/5/4/3/TEXTURE_75F87CE100B546AAB8A1C4132AF9DB17_BGRA8_D275E6194DA8266ED86A9A9BF3493D4__0B3B99B6EE49043EC14773960883BED748DC4117.udd" 810
"C:/Users/Harry/AppData/Local/UnrealEngine/Common/DerivedDataCache/2/6/6/TEXTURE_75F87CE100B546AAB8A1C4132AF9DB17_BGRA8_D275E6194DA8266ED86A9A9BF3493D4__572E47FBD64050B629CE6D4FCE7D3A0631984775.udd" 811
"C:/Users/Harry/AppData/Local/UnrealEngine/Common/DerivedDataCache/3/4/4/TEXTURE_75F87CE100B546AAB8A1C4132AF9DB17_BGRA8_D275E6194DA8266ED86A9A9BF3493D4__38D20BB1AECFC722B59AF047EBC5E5CB8D2D2650.udd" 812
"C:/Users/Harry/AppData/Local/UnrealEngine/Common/DerivedDataCache/4/9/6/TEXTURE_75F87CE100B546AAB8A1C4132AF9DB17_BGRA8_B7477D134779551D4DE2F9BFC9333E5__ABE486418DB1159D5EDE8CF00D77920E5C9BF20D.udd" 813
"C:/Users/Harry/AppData/Local/UnrealEngine/Common/DerivedDataCache/9/1/8/TEXTURE_75F87CE100B546AAB8A1C4132AF9DB17_BGRA8_B7477D134779551D4DE2F9BFC9333E5__5F2383B90349B94F4B25F511476F6A67D09DD190.udd" 814
"C:/Users/Harry/AppData/Local/UnrealEngine/Common/DerivedDataCache/9/7/3/TEXTURE_75F87CE100B546AAB8A1C4132AF9DB17_BGRA8_B7477D134779551D4DE2F9BFC9333E5__53D0B071B3336A6CB4CB4F433EFDE298A50A4F92.udd" 815
"C:/Users/Harry/AppData/Local/UnrealEngine/Common/DerivedDataCache/2/6/0/TEXTURE_75F87CE100B546AAB8A1C4132AF9DB17_BGRA8_B7477D134779551D4DE2F9BFC9333E5__8D8C60CFA10ED596538E3ED43183917437E7DD4C.udd" 816
"C:/Users/Harry/AppData/Local/UnrealEngine/Common/DerivedDataCache/6/8/1/TEXTURE_75F87CE100B546AAB8A1C4132AF9DB17_BGRA8_B7477D134779551D4DE2F9BFC9333E5__9401292005E7CEC7009EB366624963862DEEDDB2.udd" 817
"C:/Users/Harry/AppData/Local/UnrealEngine/Common/DerivedDataCache/1/0/4/TEXTURE_75F87CE100B546AAB8A1C4132AF9DB17_BGRA8_8C98590E47AA79BE06FB61BBDDD8DD2__1BA7BC1D9937D97D62076890617B958FD1D6EA2A.udd" 818
"C:/Users/Harry/AppData/Local/UnrealEngine/Common/DerivedDataCache/5/2/1/TEXTURE_75F87CE100B546AAB8A1C4132AF9DB17_BGRA8_176720D54276E75949AD259EE0EBBB2__81CDAC9E6FD14568C7269F567309C2A85141F7F7.udd" 819
"C:/Users/Harry/AppData/Local/UnrealEngine/Common/DerivedDataCache/1/0/9/TEXTURE_75F87CE100B546AAB8A1C4132AF9DB17_BGRA8_176720D54276E75949AD259EE0EBBB2__59B028DFDA52393D41822AABB68020772194D3EA.udd" 820
"C:/Users/Harry/AppData/Local/UnrealEngine/Common/DerivedDataCache/0/0/0/TEXTURE_75F87CE100B546AAB8A1C4132AF9DB17_BGRA8_176720D54276E75949AD259EE0EBBB2__78A56DC43C9064558C149952CCDD7EBDCEB7DCA1.udd" 821
"C:/Users/Harry/AppData/Local/UnrealEngine/Common/DerivedDataCache/7/1/2/TEXTURE_75F87CE100B546AAB8A1C4132AF9DB17_BGRA8_176720D54276E75949AD259EE0EBBB2__DE5E411A459CC48C1CD0B24F3869456FF4AE965E.udd" 822
"C:/Users/Harry/AppData/Local/UnrealEngine/Common/DerivedDataCache/5/2/7/TEXTURE_75F87CE100B546AAB8A1C4132AF9DB17_BGRA8_176720D54276E75949AD259EE0EBBB2__B277D183B1C77C7C15287BB668B808202791AC32.udd" 823
"C:/Users/Harry/AppData/Local/UnrealEngine/Common/DerivedDataCache/4/3/8/TEXTURE_75F87CE100B546AAB8A1C4132AF9DB17_BGRA8_0A7045154F61B3DDB5C39A86498EFF0__6CA7D6B1666090B15F481A88C57F7F2C91A6BCBA.udd" 824
"C:/Users/Harry/AppData/Local/UnrealEngine/Common/DerivedDataCache/6/8/0/TEXTURE_75F87CE100B546AAB8A1C4132AF9DB17_BGRA8_0A7045154F61B3DDB5C39A86498EFF0__832752293C7E45014B6913C4127E41288FA5CC0D.udd" 825
"C:/Users/Harry/AppData/Local/UnrealEngine/Common/DerivedDataCache/0/9/9/TEXTURE_75F87CE100B546AAB8A1C4132AF9DB17_BGRA8_0A7045154F61B3DDB5C39A86498EFF0__83172783C4D6FA39EAD676DC7401D385CD978881.udd" 826
